<?xml version="1.0" encoding="UTF-8"?>
<robot generator="Robot 7.1.1 (Python 3.9.6 on darwin)" generated="2024-10-21T17:16:37.327911" rpa="false" schemaversion="5">
<suite id="s1" name="Login Test" source="/Users/fabioaraujo/repositorio/template-robot/tests/login_test.robot">
<test id="s1-t1" name="Login com sucesso sem reaproveitamento" line="10">
<kw name="Iniciar sessão" owner="Hooks" type="SETUP">
<kw name="New Browser" owner="Browser">
<msg time="2024-10-21T17:16:37.511886" level="INFO">{"browser": "webkit", "headless": false, "chromiumSandbox": false, "devtools": false, "handleSIGHUP": true, "handleSIGINT": true, "handleSIGTERM": true, "slowMo": 0.0, "timeout": 30000.0, "tracesDir": "/Users/fabioaraujo/repositorio/template-robot/results/browser/traces/f282d842-6930-4833-9f7f-0962dba685a7"}</msg>
<msg time="2024-10-21T17:16:37.577094" level="INFO">Starting Browser process /Users/fabioaraujo/Library/Python/3.9/lib/python/site-packages/Browser/wrapper/index.js using port 59696</msg>
<msg time="2024-10-21T17:16:37.577216" level="INFO">Node startup parameters: ['node', '/Users/fabioaraujo/Library/Python/3.9/lib/python/site-packages/Browser/wrapper/index.js', '59696']</msg>
<msg time="2024-10-21T17:16:39.064335" level="INFO">Successfully created browser with options: {"browser":"webkit","headless":false,"chromiumSandbox":false,"devtools":false,"handleSIGHUP":true,"handleSIGINT":true,"handleSIGTERM":true,"slowMo":0,"timeout":30000,"tracesDir":"/Users/fabioaraujo/repositorio/template-robot/results/browser/traces/f282d842-6930-4833-9f7f-0962dba685a7"}</msg>
<arg>browser=webkit</arg>
<arg>headless=False</arg>
<tag>BrowserControl</tag>
<tag>Setter</tag>
<doc>Create a new playwright Browser with specified options.</doc>
<status status="PASS" start="2024-10-21T17:16:37.511605" elapsed="1.552887"/>
</kw>
<kw name="New Page" owner="Browser">
<msg time="2024-10-21T17:16:42.267503" level="INFO">Successfully initialized new page object and opened url: https://edukee.keeggo.com/</msg>
<msg time="2024-10-21T17:16:42.268376" level="INFO">No context was open. New context was automatically opened when this page is created.</msg>
<arg>${BASE_URL}</arg>
<tag>BrowserControl</tag>
<tag>Setter</tag>
<doc>Open a new Page.</doc>
<status status="PASS" start="2024-10-21T17:16:39.064719" elapsed="3.204831"/>
</kw>
<kw name="Set Viewport Size" owner="Browser">
<msg time="2024-10-21T17:16:42.286322" level="INFO">Set viewport size to: [object Object]</msg>
<arg>1920</arg>
<arg>1080</arg>
<tag>BrowserControl</tag>
<tag>Setter</tag>
<doc>Sets current Pages viewport size to specified dimensions.</doc>
<status status="PASS" start="2024-10-21T17:16:42.271073" elapsed="0.015388"/>
</kw>
<status status="PASS" start="2024-10-21T17:16:37.511247" elapsed="4.775460"/>
</kw>
<kw name="Fill Text" owner="Browser">
<msg time="2024-10-21T17:16:42.287628" level="INFO">Fills the text 'teste-keeggo@keeggo.com' in the given field.</msg>
<arg>id=Username</arg>
<arg>${USUARIO}</arg>
<tag>PageContent</tag>
<tag>Setter</tag>
<doc>Clears and fills the given ``txt`` into the text field found by ``selector``.</doc>
<status status="PASS" start="2024-10-21T17:16:42.287098" elapsed="0.055936"/>
</kw>
<kw name="Sleep" owner="BuiltIn">
<arg>10s</arg>
<doc>Pauses the test executed for the given time.</doc>
<status status="FAIL" start="2024-10-21T17:16:42.343257" elapsed="5.678412">Execution terminated by signal</status>
</kw>
<kw name="Fill Text" owner="Browser">
<arg>id=Password</arg>
<arg>${SENHA}</arg>
<tag>PageContent</tag>
<tag>Setter</tag>
<doc>Clears and fills the given ``txt`` into the text field found by ``selector``.</doc>
<status status="NOT RUN" start="2024-10-21T17:16:48.022137" elapsed="0.000069"/>
</kw>
<kw name="Click" owner="Browser">
<arg>id=login-button</arg>
<tag>PageContent</tag>
<tag>Setter</tag>
<doc>Simulates mouse click on the element found by ``selector``.</doc>
<status status="NOT RUN" start="2024-10-21T17:16:48.022436" elapsed="0.000040"/>
</kw>
<kw name="Sleep" owner="BuiltIn">
<arg>10s</arg>
<doc>Pauses the test executed for the given time.</doc>
<status status="NOT RUN" start="2024-10-21T17:16:48.022666" elapsed="0.000034"/>
</kw>
<kw name="Finalizar sessão" owner="Hooks" type="TEARDOWN">
<kw name="Take Screenshot" owner="Browser">
<msg time="2024-10-21T17:16:48.045986" level="INFO">Keyword 'Take Screenshot  fail-screenshot-{index}' could not be run on failure:
Error: Tried to take screenshot, but no page was open.</msg>
<msg time="2024-10-21T17:16:48.046164" level="INFO">See also file:///Users/fabioaraujo/repositorio/template-robot/results/playwright-log.txt for additional details.</msg>
<msg time="2024-10-21T17:16:48.046962" level="FAIL">Error: page.screenshot: Target page, context or browser has been closed
Call log:
  - taking page screenshot
  - waiting for fonts to load...
  - fonts loaded
</msg>
<tag>PageContent</tag>
<doc>Takes a screenshot of the current window or element and saves it to disk.</doc>
<status status="FAIL" start="2024-10-21T17:16:48.023825" elapsed="0.033976">Error: page.screenshot: Target page, context or browser has been closed
Call log:
  - taking page screenshot
  - waiting for fonts to load...
  - fonts loaded
</status>
</kw>
<kw name="Close Browser" owner="Browser">
<msg time="2024-10-21T17:16:48.061482" level="WARN">Keyword 'Take Screenshot  fail-screenshot-{index}' could not be run on failure:
Playwright process has been terminated with code 130</msg>
<msg time="2024-10-21T17:16:48.061622" level="INFO">See also file:///Users/fabioaraujo/repositorio/template-robot/results/playwright-log.txt for additional details.</msg>
<msg time="2024-10-21T17:16:48.061726" level="FAIL">recvmsg:Connection reset by peer</msg>
<tag>BrowserControl</tag>
<tag>Setter</tag>
<doc>Closes the current browser.</doc>
<status status="FAIL" start="2024-10-21T17:16:48.058003" elapsed="0.005619">recvmsg:Connection reset by peer</status>
</kw>
<status status="FAIL" start="2024-10-21T17:16:48.023263" elapsed="0.040508">Several failures occurred:

1) Error: page.screenshot: Target page, context or browser has been closed
Call log:
  - taking page screenshot
  - waiting for fonts to load...
  - fonts loaded


2) recvmsg:Connection reset by peer</status>
</kw>
<tag>pos</tag>
<status status="FAIL" start="2024-10-21T17:16:37.510889" elapsed="10.552969">Execution terminated by signal

Also teardown failed:
Several failures occurred:

1) Error: page.screenshot: Target page, context or browser has been closed
Call log:
  - taking page screenshot
  - waiting for fonts to load...
  - fonts loaded


2) recvmsg:Connection reset by peer</status>
</test>
<doc>Testes de login no site edukee</doc>
<status status="FAIL" start="2024-10-21T17:16:37.328499" elapsed="10.736930"/>
</suite>
<statistics>
<total>
<stat pass="0" fail="1" skip="0">All Tests</stat>
</total>
<tag>
<stat pass="0" fail="1" skip="0">pos</stat>
</tag>
<suite>
<stat pass="0" fail="1" skip="0" id="s1" name="Login Test">Login Test</stat>
</suite>
</statistics>
<errors>
<msg time="2024-10-21T17:16:48.061482" level="WARN">Keyword 'Take Screenshot  fail-screenshot-{index}' could not be run on failure:
Playwright process has been terminated with code 130</msg>
<msg time="2024-10-21T17:16:48.065002" level="ERROR">Calling method '_end_test' of listener 'Browser' failed: ConnectionError: Playwright process has been terminated with code 130</msg>
<msg time="2024-10-21T17:16:48.065659" level="ERROR">Calling method '_end_suite' of listener 'Browser' failed: ConnectionError: Playwright process has been terminated with code 130</msg>
</errors>
</robot>
