<?xml version="1.0" encoding="UTF-8"?>
<robot generator="Robot 6.0.2 (Python 3.13.0 on win32)" generated="20241016 19:52:52.933" rpa="false" schemaversion="3">
<suite id="s1" name="Login Edukee Test" source="C:\repositorio\template-robot-keeggo\tests\login_edukee_test.robot">
<test id="s1-t1" name="Login usando keyword customizado" line="17">
<kw name="Iniciar sessão" library="hooks">
<kw name="New Browser" library="Browser">
<arg>browser=webkit</arg>
<arg>headless=False</arg>
<tag>BrowserControl</tag>
<tag>Setter</tag>
<doc>Create a new playwright Browser with specified options.</doc>
<msg timestamp="20241016 19:52:53.901" level="INFO">{"browser": "webkit", "headless": false, "chromiumSandbox": false, "devtools": false, "handleSIGHUP": true, "handleSIGINT": true, "handleSIGTERM": true, "slowMo": 0.0, "timeout": 30000.0, "tracesDir": "C:\\repositorio\\template-robot-keeggo\\results\\browser\\traces\\d517117e-d657-43d8-86b6-80a35c68fb77"}</msg>
<msg timestamp="20241016 19:52:53.997" level="INFO">Starting Browser process C:\Users\FábiodeMônacoAraújo\AppData\Local\Programs\Python\Python313\Lib\site-packages\Browser\wrapper\index.js using port 50256</msg>
<msg timestamp="20241016 19:52:53.997" level="INFO">Node startup parameters: ['node', 'C:\\Users\\FábiodeMônacoAraújo\\AppData\\Local\\Programs\\Python\\Python313\\Lib\\site-packages\\Browser\\wrapper\\index.js', '50256']</msg>
<msg timestamp="20241016 19:52:55.237" level="INFO">Successfully created browser with options: {"browser":"webkit","headless":false,"chromiumSandbox":false,"devtools":false,"handleSIGHUP":true,"handleSIGINT":true,"handleSIGTERM":true,"slowMo":0,"timeout":30000,"tracesDir":"C:\\repositorio\\template-robot-keeggo\\results\\browser\\traces\\d517117e-d657-43d8-86b6-80a35c68fb77"}</msg>
<status status="PASS" starttime="20241016 19:52:53.900" endtime="20241016 19:52:55.237"/>
</kw>
<kw name="New Page" library="Browser">
<arg>${URL_BASE}</arg>
<tag>BrowserControl</tag>
<tag>Setter</tag>
<doc>Open a new Page.</doc>
<msg timestamp="20241016 19:52:56.688" level="INFO">Successfully initialized new page object and opened url: https://www.edukee.com/</msg>
<msg timestamp="20241016 19:52:56.688" level="INFO">No context was open. New context was automatically opened when this page is created.</msg>
<status status="PASS" starttime="20241016 19:52:55.238" endtime="20241016 19:52:56.688"/>
</kw>
<status status="PASS" starttime="20241016 19:52:53.899" endtime="20241016 19:52:56.688"/>
</kw>
<kw name="Sleep" library="BuiltIn">
<arg>10s</arg>
<doc>Pauses the test executed for the given time.</doc>
<msg timestamp="20241016 19:53:06.690" level="INFO">Slept 10 seconds</msg>
<status status="PASS" starttime="20241016 19:52:56.689" endtime="20241016 19:53:06.690"/>
</kw>
<kw name="Preencher login" library="login_page">
<arg>user=fabio.araujo@keeggo.com</arg>
<arg>senha=Fff@2020</arg>
<kw name="Fill Text" library="Browser">
<arg>${USUARIO}</arg>
<arg>${user}</arg>
<tag>PageContent</tag>
<tag>Setter</tag>
<doc>Clears and fills the given ``txt`` into the text field found by ``selector``.</doc>
<msg timestamp="20241016 19:53:06.692" level="INFO">Fills the text 'fabio.araujo@keeggo.com' in the given field.</msg>
<msg timestamp="20241016 19:53:16.871" level="INFO" html="true">&lt;/td&gt;&lt;/tr&gt;&lt;tr&gt;&lt;td colspan="3"&gt;&lt;a href="browser/screenshot/fail-screenshot-1.png" target="_blank"&gt;&lt;img src="browser/screenshot/fail-screenshot-1.png" width="800px"/&gt;&lt;/a&gt;</msg>
<msg timestamp="20241016 19:53:16.871" level="INFO">See also file:///C:/repositorio/template-robot-keeggo/results/playwright-log.txt for additional details.</msg>
<msg timestamp="20241016 19:53:16.871" level="FAIL">TimeoutError: locator.fill: Timeout 10000ms exceeded.
Call log:
  - waiting for locator('id=Username')
</msg>
<status status="FAIL" starttime="20241016 19:53:06.692" endtime="20241016 19:53:16.879"/>
</kw>
<kw name="Fill Text" library="Browser">
<arg>${SENHA}</arg>
<arg>${senha}</arg>
<tag>PageContent</tag>
<tag>Setter</tag>
<doc>Clears and fills the given ``txt`` into the text field found by ``selector``.</doc>
<status status="NOT RUN" starttime="20241016 19:53:16.879" endtime="20241016 19:53:16.879"/>
</kw>
<kw name="Click" library="Browser">
<arg>${BOTAO_LOGIN}</arg>
<tag>PageContent</tag>
<tag>Setter</tag>
<doc>Simulates mouse click on the element found by ``selector``.</doc>
<status status="NOT RUN" starttime="20241016 19:53:16.880" endtime="20241016 19:53:16.880"/>
</kw>
<status status="FAIL" starttime="20241016 19:53:06.691" endtime="20241016 19:53:16.880"/>
</kw>
<kw name="Get Text" library="Browser">
<arg>css=.text-left</arg>
<arg>contains</arg>
<arg>Conquistas recentes</arg>
<tag>Assertion</tag>
<tag>Getter</tag>
<tag>PageContent</tag>
<doc>Returns text attribute of the element found by ``selector``.</doc>
<status status="NOT RUN" starttime="20241016 19:53:16.880" endtime="20241016 19:53:16.880"/>
</kw>
<tag>key</tag>
<status status="FAIL" starttime="20241016 19:52:53.894" endtime="20241016 19:53:16.880">TimeoutError: locator.fill: Timeout 10000ms exceeded.
Call log:
  - waiting for locator('id=Username')
</status>
</test>
<doc>Testes de login no site edukee</doc>
<status status="FAIL" starttime="20241016 19:52:52.935" endtime="20241016 19:53:16.949"/>
</suite>
<statistics>
<total>
<stat pass="0" fail="1" skip="0">All Tests</stat>
</total>
<tag>
<stat pass="0" fail="1" skip="0">key</stat>
</tag>
<suite>
<stat pass="0" fail="1" skip="0" id="s1" name="Login Edukee Test">Login Edukee Test</stat>
</suite>
</statistics>
<errors>
</errors>
</robot>
