<?xml version="1.0" encoding="UTF-8"?>
<robot generator="Robot 7.1.1 (Python 3.9.6 on darwin)" generated="2024-10-21T12:58:09.189800" rpa="false" schemaversion="5">
<suite id="s1" name="Tests" source="/Users/fabioaraujo/repositorio/template-robot/tests">
<suite id="s1-s1" name="Login Test" source="/Users/fabioaraujo/repositorio/template-robot/tests/login_test.robot">
<test id="s1-s1-t1" name="Login com sucesso sem reaproveitamento" line="10">
<kw name="Iniciar sessão" owner="Hooks" type="SETUP">
<kw name="New Browser" owner="Browser">
<msg time="2024-10-21T12:58:09.359856" level="INFO">{"browser": "webkit", "headless": false, "chromiumSandbox": false, "devtools": false, "handleSIGHUP": true, "handleSIGINT": true, "handleSIGTERM": true, "slowMo": 0.0, "timeout": 30000.0, "tracesDir": "/Users/fabioaraujo/repositorio/template-robot/results/browser/traces/98f8e5e1-6011-4620-b326-43126e208647"}</msg>
<msg time="2024-10-21T12:58:09.377827" level="INFO">Starting Browser process /Users/fabioaraujo/Library/Python/3.9/lib/python/site-packages/Browser/wrapper/index.js using port 57953</msg>
<msg time="2024-10-21T12:58:09.377939" level="INFO">Node startup parameters: ['node', '/Users/fabioaraujo/Library/Python/3.9/lib/python/site-packages/Browser/wrapper/index.js', '57953']</msg>
<msg time="2024-10-21T12:58:10.737475" level="INFO">Successfully created browser with options: {"browser":"webkit","headless":false,"chromiumSandbox":false,"devtools":false,"handleSIGHUP":true,"handleSIGINT":true,"handleSIGTERM":true,"slowMo":0,"timeout":30000,"tracesDir":"/Users/fabioaraujo/repositorio/template-robot/results/browser/traces/98f8e5e1-6011-4620-b326-43126e208647"}</msg>
<arg>browser=webkit</arg>
<arg>headless=False</arg>
<tag>BrowserControl</tag>
<tag>Setter</tag>
<doc>Create a new playwright Browser with specified options.</doc>
<status status="PASS" start="2024-10-21T12:58:09.359577" elapsed="1.378069"/>
</kw>
<kw name="New Page" owner="Browser">
<msg time="2024-10-21T12:58:14.201059" level="INFO">Successfully initialized new page object and opened url: https://edukee.keeggo.com/</msg>
<msg time="2024-10-21T12:58:14.201509" level="INFO">No context was open. New context was automatically opened when this page is created.</msg>
<arg>${URL_BASE}</arg>
<tag>BrowserControl</tag>
<tag>Setter</tag>
<doc>Open a new Page.</doc>
<status status="PASS" start="2024-10-21T12:58:10.737879" elapsed="3.464147"/>
</kw>
<kw name="Set Viewport Size" owner="Browser">
<msg time="2024-10-21T12:58:14.221639" level="INFO">Set viewport size to: [object Object]</msg>
<arg>1920</arg>
<arg>1080</arg>
<tag>BrowserControl</tag>
<tag>Setter</tag>
<doc>Sets current Pages viewport size to specified dimensions.</doc>
<status status="PASS" start="2024-10-21T12:58:14.202720" elapsed="0.019060"/>
</kw>
<status status="PASS" start="2024-10-21T12:58:09.359217" elapsed="4.862721"/>
</kw>
<kw name="New Page" owner="Browser">
<msg time="2024-10-21T12:58:15.696116" level="INFO">Successfully initialized new page object and opened url: https://edukee.keeggo.com/</msg>
<arg>https://edukee.keeggo.com/</arg>
<tag>BrowserControl</tag>
<tag>Setter</tag>
<doc>Open a new Page.</doc>
<status status="PASS" start="2024-10-21T12:58:14.222223" elapsed="1.474128"/>
</kw>
<kw name="Fill Text" owner="Browser">
<msg time="2024-10-21T12:58:15.697174" level="INFO">Fills the text 'fabio.araujo@keeggo.com' in the given field.</msg>
<arg>id=Username</arg>
<arg>fabio.araujo@keeggo.com</arg>
<tag>PageContent</tag>
<tag>Setter</tag>
<doc>Clears and fills the given ``txt`` into the text field found by ``selector``.</doc>
<status status="PASS" start="2024-10-21T12:58:15.696712" elapsed="0.051624"/>
</kw>
<kw name="Fill Text" owner="Browser">
<msg time="2024-10-21T12:58:15.748845" level="INFO">Fills the text 'Fff@2020' in the given field.</msg>
<arg>id=Password</arg>
<arg>Fff@2020</arg>
<tag>PageContent</tag>
<tag>Setter</tag>
<doc>Clears and fills the given ``txt`` into the text field found by ``selector``.</doc>
<status status="PASS" start="2024-10-21T12:58:15.748571" elapsed="0.005504"/>
</kw>
<kw name="Click" owner="Browser">
<msg time="2024-10-21T12:58:15.754588" level="INFO">Clicks the element 'id=login-button'.</msg>
<arg>id=login-button</arg>
<tag>PageContent</tag>
<tag>Setter</tag>
<doc>Simulates mouse click on the element found by ``selector``.</doc>
<status status="PASS" start="2024-10-21T12:58:15.754266" elapsed="3.052304"/>
</kw>
<kw name="Wait For Elements State" owner="Browser">
<msg time="2024-10-21T12:58:20.624604" level="INFO">Waited for Element with selector css=.text-left at state visible</msg>
<arg>css=.text-left</arg>
<arg>visible</arg>
<arg>5s</arg>
<tag>PageContent</tag>
<tag>Wait</tag>
<doc>Waits for the element found by ``selector`` to satisfy state option.</doc>
<status status="PASS" start="2024-10-21T12:58:18.806892" elapsed="1.817944"/>
</kw>
<kw name="Get Text" owner="Browser">
<msg time="2024-10-21T12:58:20.646089" level="INFO">Text: 'Conquistas recentes'</msg>
<arg>css=.text-left</arg>
<arg>contains</arg>
<arg>Conquistas recentes</arg>
<tag>Assertion</tag>
<tag>Getter</tag>
<tag>PageContent</tag>
<doc>Returns text attribute of the element found by ``selector``.</doc>
<status status="PASS" start="2024-10-21T12:58:20.625260" elapsed="0.020976"/>
</kw>
<kw name="Finalizar sessão" owner="Hooks" type="TEARDOWN">
<kw name="Take Screenshot" owner="Browser">
<msg time="2024-10-21T12:58:20.698808" level="INFO" html="true">&lt;/td&gt;&lt;/tr&gt;&lt;tr&gt;&lt;td colspan="3"&gt;&lt;a href="browser/screenshot/robotframework-browser-screenshot-1.png" target="_blank"&gt;&lt;img src="browser/screenshot/robotframework-browser-screenshot-1.png" width="800px"/&gt;&lt;/a&gt;</msg>
<tag>PageContent</tag>
<doc>Takes a screenshot of the current window or element and saves it to disk.</doc>
<status status="PASS" start="2024-10-21T12:58:20.646966" elapsed="0.051934"/>
</kw>
<kw name="Close Browser" owner="Browser">
<msg time="2024-10-21T12:58:20.728629" level="INFO">Closed browser</msg>
<tag>BrowserControl</tag>
<tag>Setter</tag>
<doc>Closes the current browser.</doc>
<status status="PASS" start="2024-10-21T12:58:20.699036" elapsed="0.029685"/>
</kw>
<status status="PASS" start="2024-10-21T12:58:20.646642" elapsed="0.082154"/>
</kw>
<tag>positivo</tag>
<status status="PASS" start="2024-10-21T12:58:09.358867" elapsed="11.370004"/>
</test>
<test id="s1-s1-t2" name="Login usando keyword customizado" line="19">
<kw name="Iniciar sessão" owner="Hooks" type="SETUP">
<kw name="New Browser" owner="Browser">
<msg time="2024-10-21T12:58:20.732961" level="INFO">{"browser": "webkit", "headless": false, "chromiumSandbox": false, "devtools": false, "handleSIGHUP": true, "handleSIGINT": true, "handleSIGTERM": true, "slowMo": 0.0, "timeout": 30000.0, "tracesDir": "/Users/fabioaraujo/repositorio/template-robot/results/browser/traces/d0f42c95-988c-4b0d-92ac-13ebcdf8d70e"}</msg>
<msg time="2024-10-21T12:58:20.846650" level="INFO">Successfully created browser with options: {"browser":"webkit","headless":false,"chromiumSandbox":false,"devtools":false,"handleSIGHUP":true,"handleSIGINT":true,"handleSIGTERM":true,"slowMo":0,"timeout":30000,"tracesDir":"/Users/fabioaraujo/repositorio/template-robot/results/browser/traces/d0f42c95-988c-4b0d-92ac-13ebcdf8d70e"}</msg>
<arg>browser=webkit</arg>
<arg>headless=False</arg>
<tag>BrowserControl</tag>
<tag>Setter</tag>
<doc>Create a new playwright Browser with specified options.</doc>
<status status="PASS" start="2024-10-21T12:58:20.732576" elapsed="0.114177"/>
</kw>
<kw name="New Page" owner="Browser">
<msg time="2024-10-21T12:58:24.235972" level="INFO">Successfully initialized new page object and opened url: https://edukee.keeggo.com/</msg>
<msg time="2024-10-21T12:58:24.236108" level="INFO">No context was open. New context was automatically opened when this page is created.</msg>
<arg>${URL_BASE}</arg>
<tag>BrowserControl</tag>
<tag>Setter</tag>
<doc>Open a new Page.</doc>
<status status="PASS" start="2024-10-21T12:58:20.846902" elapsed="3.389395"/>
</kw>
<kw name="Set Viewport Size" owner="Browser">
<msg time="2024-10-21T12:58:24.253004" level="INFO">Set viewport size to: [object Object]</msg>
<arg>1920</arg>
<arg>1080</arg>
<tag>BrowserControl</tag>
<tag>Setter</tag>
<doc>Sets current Pages viewport size to specified dimensions.</doc>
<status status="PASS" start="2024-10-21T12:58:24.236623" elapsed="0.016550"/>
</kw>
<status status="PASS" start="2024-10-21T12:58:20.732402" elapsed="3.520971"/>
</kw>
<kw name="Preencher login" owner="login_page">
<kw name="Fill Text" owner="Browser">
<msg time="2024-10-21T12:58:24.254491" level="INFO">Fills the text 'fabio.araujo@keeggo.com' in the given field.</msg>
<arg>${CAMPO_USUARIO}</arg>
<arg>${usuario}</arg>
<tag>PageContent</tag>
<tag>Setter</tag>
<doc>Clears and fills the given ``txt`` into the text field found by ``selector``.</doc>
<status status="PASS" start="2024-10-21T12:58:24.254127" elapsed="0.040319"/>
</kw>
<kw name="Fill Text" owner="Browser">
<msg time="2024-10-21T12:58:24.294884" level="INFO">Fills the text 'Fff@2020' in the given field.</msg>
<arg>${CAMPO_SENHA}</arg>
<arg>${senha}</arg>
<tag>PageContent</tag>
<tag>Setter</tag>
<doc>Clears and fills the given ``txt`` into the text field found by ``selector``.</doc>
<status status="PASS" start="2024-10-21T12:58:24.294600" elapsed="0.004168"/>
</kw>
<kw name="Click" owner="Browser">
<msg time="2024-10-21T12:58:24.299170" level="INFO">Clicks the element 'id=login-button'.</msg>
<arg>${BOTAO_LOGIN}</arg>
<tag>PageContent</tag>
<tag>Setter</tag>
<doc>Simulates mouse click on the element found by ``selector``.</doc>
<status status="PASS" start="2024-10-21T12:58:24.298901" elapsed="2.493922"/>
</kw>
<arg>fabio.araujo@keeggo.com</arg>
<arg>Fff@2020</arg>
<status status="PASS" start="2024-10-21T12:58:24.253770" elapsed="2.539218"/>
</kw>
<kw name="Get Text" owner="Browser">
<msg time="2024-10-21T12:58:28.607919" level="INFO">Text: 'Conquistas recentes'</msg>
<arg>css=.text-left</arg>
<arg>contains</arg>
<arg>Conquistas recentes</arg>
<tag>Assertion</tag>
<tag>Getter</tag>
<tag>PageContent</tag>
<doc>Returns text attribute of the element found by ``selector``.</doc>
<status status="PASS" start="2024-10-21T12:58:26.793224" elapsed="1.814792"/>
</kw>
<kw name="Finalizar sessão" owner="Hooks" type="TEARDOWN">
<kw name="Take Screenshot" owner="Browser">
<msg time="2024-10-21T12:58:28.660245" level="INFO" html="true">&lt;/td&gt;&lt;/tr&gt;&lt;tr&gt;&lt;td colspan="3"&gt;&lt;a href="browser/screenshot/robotframework-browser-screenshot-2.png" target="_blank"&gt;&lt;img src="browser/screenshot/robotframework-browser-screenshot-2.png" width="800px"/&gt;&lt;/a&gt;</msg>
<tag>PageContent</tag>
<doc>Takes a screenshot of the current window or element and saves it to disk.</doc>
<status status="PASS" start="2024-10-21T12:58:28.608583" elapsed="0.051762"/>
</kw>
<kw name="Close Browser" owner="Browser">
<msg time="2024-10-21T12:58:28.692822" level="INFO">Closed browser</msg>
<tag>BrowserControl</tag>
<tag>Setter</tag>
<doc>Closes the current browser.</doc>
<status status="PASS" start="2024-10-21T12:58:28.660495" elapsed="0.032418"/>
</kw>
<status status="PASS" start="2024-10-21T12:58:28.608338" elapsed="0.084650"/>
</kw>
<tag>key</tag>
<status status="PASS" start="2024-10-21T12:58:20.731400" elapsed="7.961654"/>
</test>
<test id="s1-s1-t3" name="Login com sucesso usando massa de dados" line="24">
<kw name="Iniciar sessão" owner="Hooks" type="SETUP">
<kw name="New Browser" owner="Browser">
<msg time="2024-10-21T12:58:28.696598" level="INFO">{"browser": "webkit", "headless": false, "chromiumSandbox": false, "devtools": false, "handleSIGHUP": true, "handleSIGINT": true, "handleSIGTERM": true, "slowMo": 0.0, "timeout": 30000.0, "tracesDir": "/Users/fabioaraujo/repositorio/template-robot/results/browser/traces/a0de8597-5c8f-4a1a-b2dd-aac793ce9d46"}</msg>
<msg time="2024-10-21T12:58:28.803538" level="INFO">Successfully created browser with options: {"browser":"webkit","headless":false,"chromiumSandbox":false,"devtools":false,"handleSIGHUP":true,"handleSIGINT":true,"handleSIGTERM":true,"slowMo":0,"timeout":30000,"tracesDir":"/Users/fabioaraujo/repositorio/template-robot/results/browser/traces/a0de8597-5c8f-4a1a-b2dd-aac793ce9d46"}</msg>
<arg>browser=webkit</arg>
<arg>headless=False</arg>
<tag>BrowserControl</tag>
<tag>Setter</tag>
<doc>Create a new playwright Browser with specified options.</doc>
<status status="PASS" start="2024-10-21T12:58:28.696219" elapsed="0.107422"/>
</kw>
<kw name="New Page" owner="Browser">
<msg time="2024-10-21T12:58:32.283742" level="INFO">Successfully initialized new page object and opened url: https://edukee.keeggo.com/</msg>
<msg time="2024-10-21T12:58:32.283884" level="INFO">No context was open. New context was automatically opened when this page is created.</msg>
<arg>${URL_BASE}</arg>
<tag>BrowserControl</tag>
<tag>Setter</tag>
<doc>Open a new Page.</doc>
<status status="PASS" start="2024-10-21T12:58:28.803791" elapsed="3.480308"/>
</kw>
<kw name="Set Viewport Size" owner="Browser">
<msg time="2024-10-21T12:58:32.305012" level="INFO">Set viewport size to: [object Object]</msg>
<arg>1920</arg>
<arg>1080</arg>
<tag>BrowserControl</tag>
<tag>Setter</tag>
<doc>Sets current Pages viewport size to specified dimensions.</doc>
<status status="PASS" start="2024-10-21T12:58:32.284468" elapsed="0.020711"/>
</kw>
<status status="PASS" start="2024-10-21T12:58:28.696034" elapsed="3.609281"/>
</kw>
<kw name="Usuario" owner="usuario">
<msg time="2024-10-21T12:58:32.305788" level="INFO">${user} = {'email': 'fabio.araujo@keeggo.com', 'senha': 'Fff@2020'}</msg>
<var>${user}</var>
<status status="PASS" start="2024-10-21T12:58:32.305568" elapsed="0.000247"/>
</kw>
<kw name="Fill Text" owner="Browser">
<msg time="2024-10-21T12:58:32.306381" level="INFO">Fills the text 'fabio.araujo@keeggo.com' in the given field.</msg>
<arg>id=Username</arg>
<arg>${user}[email]</arg>
<tag>PageContent</tag>
<tag>Setter</tag>
<doc>Clears and fills the given ``txt`` into the text field found by ``selector``.</doc>
<status status="PASS" start="2024-10-21T12:58:32.305973" elapsed="0.041733"/>
</kw>
<kw name="Fill Text" owner="Browser">
<msg time="2024-10-21T12:58:32.348215" level="INFO">Fills the text 'Fff@2020' in the given field.</msg>
<arg>id=Password</arg>
<arg>${user}[senha]</arg>
<tag>PageContent</tag>
<tag>Setter</tag>
<doc>Clears and fills the given ``txt`` into the text field found by ``selector``.</doc>
<status status="PASS" start="2024-10-21T12:58:32.347908" elapsed="0.004337"/>
</kw>
<kw name="Click" owner="Browser">
<msg time="2024-10-21T12:58:32.352650" level="INFO">Clicks the element 'id=login-button'.</msg>
<arg>id=login-button</arg>
<tag>PageContent</tag>
<tag>Setter</tag>
<doc>Simulates mouse click on the element found by ``selector``.</doc>
<status status="PASS" start="2024-10-21T12:58:32.352420" elapsed="2.766671"/>
</kw>
<kw name="Wait For Elements State" owner="Browser">
<msg time="2024-10-21T12:58:36.923810" level="INFO">Waited for Element with selector css=.text-left at state visible</msg>
<arg>css=.text-left</arg>
<arg>visible</arg>
<arg>5s</arg>
<tag>PageContent</tag>
<tag>Wait</tag>
<doc>Waits for the element found by ``selector`` to satisfy state option.</doc>
<status status="PASS" start="2024-10-21T12:58:35.119359" elapsed="1.804588"/>
</kw>
<kw name="Get Text" owner="Browser">
<msg time="2024-10-21T12:58:36.935583" level="INFO">Text: 'Conquistas recentes'</msg>
<arg>css=.text-left</arg>
<arg>contains</arg>
<arg>Conquistas recentes</arg>
<tag>Assertion</tag>
<tag>Getter</tag>
<tag>PageContent</tag>
<doc>Returns text attribute of the element found by ``selector``.</doc>
<status status="PASS" start="2024-10-21T12:58:36.924206" elapsed="0.011464"/>
</kw>
<kw name="Finalizar sessão" owner="Hooks" type="TEARDOWN">
<kw name="Take Screenshot" owner="Browser">
<msg time="2024-10-21T12:58:36.986505" level="INFO" html="true">&lt;/td&gt;&lt;/tr&gt;&lt;tr&gt;&lt;td colspan="3"&gt;&lt;a href="browser/screenshot/robotframework-browser-screenshot-3.png" target="_blank"&gt;&lt;img src="browser/screenshot/robotframework-browser-screenshot-3.png" width="800px"/&gt;&lt;/a&gt;</msg>
<tag>PageContent</tag>
<doc>Takes a screenshot of the current window or element and saves it to disk.</doc>
<status status="PASS" start="2024-10-21T12:58:36.936243" elapsed="0.050345"/>
</kw>
<kw name="Close Browser" owner="Browser">
<msg time="2024-10-21T12:58:37.028441" level="INFO">Closed browser</msg>
<tag>BrowserControl</tag>
<tag>Setter</tag>
<doc>Closes the current browser.</doc>
<status status="PASS" start="2024-10-21T12:58:36.986774" elapsed="0.041761"/>
</kw>
<status status="PASS" start="2024-10-21T12:58:36.936005" elapsed="0.092611"/>
</kw>
<tag>positivo</tag>
<status status="PASS" start="2024-10-21T12:58:28.694976" elapsed="8.333706"/>
</test>
<test id="s1-s1-t4" name="Login com usuário inexistente" line="33">
<kw name="Iniciar sessão" owner="Hooks" type="SETUP">
<kw name="New Browser" owner="Browser">
<msg time="2024-10-21T12:58:37.032066" level="INFO">{"browser": "webkit", "headless": false, "chromiumSandbox": false, "devtools": false, "handleSIGHUP": true, "handleSIGINT": true, "handleSIGTERM": true, "slowMo": 0.0, "timeout": 30000.0, "tracesDir": "/Users/fabioaraujo/repositorio/template-robot/results/browser/traces/89c8d753-851d-4163-8fb0-9e8576ba8f36"}</msg>
<msg time="2024-10-21T12:58:37.129165" level="INFO">Successfully created browser with options: {"browser":"webkit","headless":false,"chromiumSandbox":false,"devtools":false,"handleSIGHUP":true,"handleSIGINT":true,"handleSIGTERM":true,"slowMo":0,"timeout":30000,"tracesDir":"/Users/fabioaraujo/repositorio/template-robot/results/browser/traces/89c8d753-851d-4163-8fb0-9e8576ba8f36"}</msg>
<arg>browser=webkit</arg>
<arg>headless=False</arg>
<tag>BrowserControl</tag>
<tag>Setter</tag>
<doc>Create a new playwright Browser with specified options.</doc>
<status status="PASS" start="2024-10-21T12:58:37.031740" elapsed="0.097519"/>
</kw>
<kw name="New Page" owner="Browser">
<msg time="2024-10-21T12:58:40.522057" level="INFO">Successfully initialized new page object and opened url: https://edukee.keeggo.com/</msg>
<msg time="2024-10-21T12:58:40.522232" level="INFO">No context was open. New context was automatically opened when this page is created.</msg>
<arg>${URL_BASE}</arg>
<tag>BrowserControl</tag>
<tag>Setter</tag>
<doc>Open a new Page.</doc>
<status status="PASS" start="2024-10-21T12:58:37.129407" elapsed="3.393306"/>
</kw>
<kw name="Set Viewport Size" owner="Browser">
<msg time="2024-10-21T12:58:40.543441" level="INFO">Set viewport size to: [object Object]</msg>
<arg>1920</arg>
<arg>1080</arg>
<tag>BrowserControl</tag>
<tag>Setter</tag>
<doc>Sets current Pages viewport size to specified dimensions.</doc>
<status status="PASS" start="2024-10-21T12:58:40.523116" elapsed="0.020513"/>
</kw>
<status status="PASS" start="2024-10-21T12:58:37.031572" elapsed="3.512235"/>
</kw>
<kw name="Usuario" owner="usuario">
<msg time="2024-10-21T12:58:40.544407" level="INFO">${user} = {'email': 'fabio.araujo@keeggo.com', 'senha': 'Fff@2020'}</msg>
<var>${user}</var>
<status status="PASS" start="2024-10-21T12:58:40.544114" elapsed="0.000326"/>
</kw>
<kw name="Fill Text" owner="Browser">
<msg time="2024-10-21T12:58:40.545009" level="INFO">Fills the text 'fabio.araujo@keeggo.com' in the given field.</msg>
<arg>id=Username</arg>
<arg>${user}[email]</arg>
<tag>PageContent</tag>
<tag>Setter</tag>
<doc>Clears and fills the given ``txt`` into the text field found by ``selector``.</doc>
<status status="PASS" start="2024-10-21T12:58:40.544596" elapsed="0.041344"/>
</kw>
<kw name="Fill Text" owner="Browser">
<msg time="2024-10-21T12:58:40.586543" level="INFO">Fills the text 'teste@123' in the given field.</msg>
<arg>id=Password</arg>
<arg>teste@123</arg>
<tag>PageContent</tag>
<tag>Setter</tag>
<doc>Clears and fills the given ``txt`` into the text field found by ``selector``.</doc>
<status status="PASS" start="2024-10-21T12:58:40.586185" elapsed="0.004827"/>
</kw>
<kw name="Click" owner="Browser">
<msg time="2024-10-21T12:58:40.591482" level="INFO">Clicks the element 'id=login-button'.</msg>
<arg>id=login-button</arg>
<tag>PageContent</tag>
<tag>Setter</tag>
<doc>Simulates mouse click on the element found by ``selector``.</doc>
<status status="PASS" start="2024-10-21T12:58:40.591191" elapsed="2.284184"/>
</kw>
<kw name="Get Text" owner="Browser">
<msg time="2024-10-21T12:58:42.923299" level="INFO">Text: 'Logon falhado, tente novamente'</msg>
<arg>css=.login-failed</arg>
<arg>contains</arg>
<arg>Logon falhado, tente novamente</arg>
<tag>Assertion</tag>
<tag>Getter</tag>
<tag>PageContent</tag>
<doc>Returns text attribute of the element found by ``selector``.</doc>
<status status="PASS" start="2024-10-21T12:58:42.875786" elapsed="0.047592"/>
</kw>
<kw name="Finalizar sessão" owner="Hooks" type="TEARDOWN">
<kw name="Take Screenshot" owner="Browser">
<msg time="2024-10-21T12:58:43.248299" level="INFO" html="true">&lt;/td&gt;&lt;/tr&gt;&lt;tr&gt;&lt;td colspan="3"&gt;&lt;a href="browser/screenshot/robotframework-browser-screenshot-4.png" target="_blank"&gt;&lt;img src="browser/screenshot/robotframework-browser-screenshot-4.png" width="800px"/&gt;&lt;/a&gt;</msg>
<tag>PageContent</tag>
<doc>Takes a screenshot of the current window or element and saves it to disk.</doc>
<status status="PASS" start="2024-10-21T12:58:42.923856" elapsed="0.324539"/>
</kw>
<kw name="Close Browser" owner="Browser">
<msg time="2024-10-21T12:58:43.269622" level="INFO">Closed browser</msg>
<tag>BrowserControl</tag>
<tag>Setter</tag>
<doc>Closes the current browser.</doc>
<status status="PASS" start="2024-10-21T12:58:43.248539" elapsed="0.021187"/>
</kw>
<status status="PASS" start="2024-10-21T12:58:42.923659" elapsed="0.346152"/>
</kw>
<tag>negativo</tag>
<status status="PASS" start="2024-10-21T12:58:37.030645" elapsed="6.239234"/>
</test>
<test id="s1-s1-t5" name="Login com campos vazios" line="41">
<kw name="Iniciar sessão" owner="Hooks" type="SETUP">
<kw name="New Browser" owner="Browser">
<msg time="2024-10-21T12:58:43.273085" level="INFO">{"browser": "webkit", "headless": false, "chromiumSandbox": false, "devtools": false, "handleSIGHUP": true, "handleSIGINT": true, "handleSIGTERM": true, "slowMo": 0.0, "timeout": 30000.0, "tracesDir": "/Users/fabioaraujo/repositorio/template-robot/results/browser/traces/3108c596-9aee-4fc4-8418-fab6069d74a7"}</msg>
<msg time="2024-10-21T12:58:43.386258" level="INFO">Successfully created browser with options: {"browser":"webkit","headless":false,"chromiumSandbox":false,"devtools":false,"handleSIGHUP":true,"handleSIGINT":true,"handleSIGTERM":true,"slowMo":0,"timeout":30000,"tracesDir":"/Users/fabioaraujo/repositorio/template-robot/results/browser/traces/3108c596-9aee-4fc4-8418-fab6069d74a7"}</msg>
<arg>browser=webkit</arg>
<arg>headless=False</arg>
<tag>BrowserControl</tag>
<tag>Setter</tag>
<doc>Create a new playwright Browser with specified options.</doc>
<status status="PASS" start="2024-10-21T12:58:43.272708" elapsed="0.113654"/>
</kw>
<kw name="New Page" owner="Browser">
<msg time="2024-10-21T12:58:46.301480" level="INFO">Successfully initialized new page object and opened url: https://edukee.keeggo.com/</msg>
<msg time="2024-10-21T12:58:46.301703" level="INFO">No context was open. New context was automatically opened when this page is created.</msg>
<arg>${URL_BASE}</arg>
<tag>BrowserControl</tag>
<tag>Setter</tag>
<doc>Open a new Page.</doc>
<status status="PASS" start="2024-10-21T12:58:43.386509" elapsed="2.915572"/>
</kw>
<kw name="Set Viewport Size" owner="Browser">
<msg time="2024-10-21T12:58:46.324209" level="INFO">Set viewport size to: [object Object]</msg>
<arg>1920</arg>
<arg>1080</arg>
<tag>BrowserControl</tag>
<tag>Setter</tag>
<doc>Sets current Pages viewport size to specified dimensions.</doc>
<status status="PASS" start="2024-10-21T12:58:46.302676" elapsed="0.021674"/>
</kw>
<status status="PASS" start="2024-10-21T12:58:43.272533" elapsed="3.051940"/>
</kw>
<kw name="Fill Text" owner="Browser">
<msg time="2024-10-21T12:58:46.325717" level="INFO">Fills the text '' in the given field.</msg>
<arg>id=Username</arg>
<arg>${EMPTY}</arg>
<tag>PageContent</tag>
<tag>Setter</tag>
<doc>Clears and fills the given ``txt`` into the text field found by ``selector``.</doc>
<status status="PASS" start="2024-10-21T12:58:46.324718" elapsed="0.040324"/>
</kw>
<kw name="Fill Text" owner="Browser">
<msg time="2024-10-21T12:58:46.365659" level="INFO">Fills the text 'teste@123' in the given field.</msg>
<arg>id=Password</arg>
<arg>teste@123</arg>
<tag>PageContent</tag>
<tag>Setter</tag>
<doc>Clears and fills the given ``txt`` into the text field found by ``selector``.</doc>
<status status="PASS" start="2024-10-21T12:58:46.365363" elapsed="0.014074"/>
</kw>
<kw name="Click" owner="Browser">
<msg time="2024-10-21T12:58:46.379875" level="INFO">Clicks the element 'id=login-button'.</msg>
<arg>id=login-button</arg>
<tag>PageContent</tag>
<tag>Setter</tag>
<doc>Simulates mouse click on the element found by ``selector``.</doc>
<status status="PASS" start="2024-10-21T12:58:46.379630" elapsed="0.044523"/>
</kw>
<kw name="Finalizar sessão" owner="Hooks" type="TEARDOWN">
<kw name="Take Screenshot" owner="Browser">
<msg time="2024-10-21T12:58:46.470831" level="INFO" html="true">&lt;/td&gt;&lt;/tr&gt;&lt;tr&gt;&lt;td colspan="3"&gt;&lt;a href="browser/screenshot/robotframework-browser-screenshot-5.png" target="_blank"&gt;&lt;img src="browser/screenshot/robotframework-browser-screenshot-5.png" width="800px"/&gt;&lt;/a&gt;</msg>
<tag>PageContent</tag>
<doc>Takes a screenshot of the current window or element and saves it to disk.</doc>
<status status="PASS" start="2024-10-21T12:58:46.424606" elapsed="0.046314"/>
</kw>
<kw name="Close Browser" owner="Browser">
<msg time="2024-10-21T12:58:46.500979" level="INFO">Closed browser</msg>
<tag>BrowserControl</tag>
<tag>Setter</tag>
<doc>Closes the current browser.</doc>
<status status="PASS" start="2024-10-21T12:58:46.471066" elapsed="0.030010"/>
</kw>
<status status="PASS" start="2024-10-21T12:58:46.424418" elapsed="0.076735"/>
</kw>
<tag>vazio</tag>
<status status="PASS" start="2024-10-21T12:58:43.271671" elapsed="3.229547"/>
</test>
<test id="s1-s1-t6" name="Tentativa de login com dados inválidos" line="48">
<kw name="Iniciar sessão" owner="Hooks" type="SETUP">
<kw name="New Browser" owner="Browser">
<msg time="2024-10-21T12:58:46.504398" level="INFO">{"browser": "webkit", "headless": false, "chromiumSandbox": false, "devtools": false, "handleSIGHUP": true, "handleSIGINT": true, "handleSIGTERM": true, "slowMo": 0.0, "timeout": 30000.0, "tracesDir": "/Users/fabioaraujo/repositorio/template-robot/results/browser/traces/3da411bc-fe0b-4616-b07d-bd6a6f858d0e"}</msg>
<msg time="2024-10-21T12:58:46.613205" level="INFO">Successfully created browser with options: {"browser":"webkit","headless":false,"chromiumSandbox":false,"devtools":false,"handleSIGHUP":true,"handleSIGINT":true,"handleSIGTERM":true,"slowMo":0,"timeout":30000,"tracesDir":"/Users/fabioaraujo/repositorio/template-robot/results/browser/traces/3da411bc-fe0b-4616-b07d-bd6a6f858d0e"}</msg>
<arg>browser=webkit</arg>
<arg>headless=False</arg>
<tag>BrowserControl</tag>
<tag>Setter</tag>
<doc>Create a new playwright Browser with specified options.</doc>
<status status="PASS" start="2024-10-21T12:58:46.504067" elapsed="0.109238"/>
</kw>
<kw name="New Page" owner="Browser">
<msg time="2024-10-21T12:58:49.386227" level="INFO">Successfully initialized new page object and opened url: https://edukee.keeggo.com/</msg>
<msg time="2024-10-21T12:58:49.386477" level="INFO">No context was open. New context was automatically opened when this page is created.</msg>
<arg>${URL_BASE}</arg>
<tag>BrowserControl</tag>
<tag>Setter</tag>
<doc>Open a new Page.</doc>
<status status="PASS" start="2024-10-21T12:58:46.613453" elapsed="2.773479"/>
</kw>
<kw name="Set Viewport Size" owner="Browser">
<msg time="2024-10-21T12:58:49.409312" level="INFO">Set viewport size to: [object Object]</msg>
<arg>1920</arg>
<arg>1080</arg>
<tag>BrowserControl</tag>
<tag>Setter</tag>
<doc>Sets current Pages viewport size to specified dimensions.</doc>
<status status="PASS" start="2024-10-21T12:58:49.387543" elapsed="0.021942"/>
</kw>
<status status="PASS" start="2024-10-21T12:58:46.503900" elapsed="2.905727"/>
</kw>
<kw name="Login com dados inválidos">
<kw name="Fill Text" owner="Browser">
<msg time="2024-10-21T12:58:49.411606" level="INFO">Fills the text '' in the given field.</msg>
<arg>id=Username</arg>
<arg>${email}</arg>
<tag>PageContent</tag>
<tag>Setter</tag>
<doc>Clears and fills the given ``txt`` into the text field found by ``selector``.</doc>
<status status="PASS" start="2024-10-21T12:58:49.411197" elapsed="0.051756"/>
</kw>
<kw name="Fill Text" owner="Browser">
<msg time="2024-10-21T12:58:49.463608" level="INFO">Fills the text '' in the given field.</msg>
<arg>id=Password</arg>
<arg>${senha}</arg>
<tag>PageContent</tag>
<tag>Setter</tag>
<doc>Clears and fills the given ``txt`` into the text field found by ``selector``.</doc>
<status status="PASS" start="2024-10-21T12:58:49.463208" elapsed="0.005824"/>
</kw>
<kw name="Click" owner="Browser">
<msg time="2024-10-21T12:58:49.469726" level="INFO">Clicks the element 'id=login-button'.</msg>
<arg>id=login-button</arg>
<tag>PageContent</tag>
<tag>Setter</tag>
<doc>Simulates mouse click on the element found by ``selector``.</doc>
<status status="PASS" start="2024-10-21T12:58:49.469293" elapsed="0.046417"/>
</kw>
<kw name="Take Screenshot" owner="Browser">
<msg time="2024-10-21T12:58:49.566305" level="INFO" html="true">&lt;/td&gt;&lt;/tr&gt;&lt;tr&gt;&lt;td colspan="3"&gt;&lt;a href="browser/screenshot/robotframework-browser-screenshot-6.png" target="_blank"&gt;&lt;img src="browser/screenshot/robotframework-browser-screenshot-6.png" width="800px"/&gt;&lt;/a&gt;</msg>
<tag>PageContent</tag>
<doc>Takes a screenshot of the current window or element and saves it to disk.</doc>
<status status="PASS" start="2024-10-21T12:58:49.515978" elapsed="0.050424"/>
</kw>
<arg>${empty}</arg>
<arg>${empty}</arg>
<status status="PASS" start="2024-10-21T12:58:49.409973" elapsed="0.156519"/>
</kw>
<kw name="Login com dados inválidos">
<kw name="Fill Text" owner="Browser">
<msg time="2024-10-21T12:58:49.567540" level="INFO">Fills the text 'fabio@gmail.com' in the given field.</msg>
<arg>id=Username</arg>
<arg>${email}</arg>
<tag>PageContent</tag>
<tag>Setter</tag>
<doc>Clears and fills the given ``txt`` into the text field found by ``selector``.</doc>
<status status="PASS" start="2024-10-21T12:58:49.567210" elapsed="0.006910"/>
</kw>
<kw name="Fill Text" owner="Browser">
<msg time="2024-10-21T12:58:49.574941" level="INFO">Fills the text '' in the given field.</msg>
<arg>id=Password</arg>
<arg>${senha}</arg>
<tag>PageContent</tag>
<tag>Setter</tag>
<doc>Clears and fills the given ``txt`` into the text field found by ``selector``.</doc>
<status status="PASS" start="2024-10-21T12:58:49.574400" elapsed="0.006209"/>
</kw>
<kw name="Click" owner="Browser">
<msg time="2024-10-21T12:58:49.581120" level="INFO">Clicks the element 'id=login-button'.</msg>
<arg>id=login-button</arg>
<tag>PageContent</tag>
<tag>Setter</tag>
<doc>Simulates mouse click on the element found by ``selector``.</doc>
<status status="PASS" start="2024-10-21T12:58:49.580825" elapsed="0.030703"/>
</kw>
<kw name="Take Screenshot" owner="Browser">
<msg time="2024-10-21T12:58:49.660826" level="INFO" html="true">&lt;/td&gt;&lt;/tr&gt;&lt;tr&gt;&lt;td colspan="3"&gt;&lt;a href="browser/screenshot/robotframework-browser-screenshot-7.png" target="_blank"&gt;&lt;img src="browser/screenshot/robotframework-browser-screenshot-7.png" width="800px"/&gt;&lt;/a&gt;</msg>
<tag>PageContent</tag>
<doc>Takes a screenshot of the current window or element and saves it to disk.</doc>
<status status="PASS" start="2024-10-21T12:58:49.611793" elapsed="0.049134"/>
</kw>
<arg>fabio@gmail.com</arg>
<arg>${empty}</arg>
<status status="PASS" start="2024-10-21T12:58:49.566669" elapsed="0.094345"/>
</kw>
<kw name="Login com dados inválidos">
<kw name="Fill Text" owner="Browser">
<msg time="2024-10-21T12:58:49.661963" level="INFO">Fills the text '' in the given field.</msg>
<arg>id=Username</arg>
<arg>${email}</arg>
<tag>PageContent</tag>
<tag>Setter</tag>
<doc>Clears and fills the given ``txt`` into the text field found by ``selector``.</doc>
<status status="PASS" start="2024-10-21T12:58:49.661690" elapsed="0.046772"/>
</kw>
<kw name="Fill Text" owner="Browser">
<msg time="2024-10-21T12:58:49.709463" level="INFO">Fills the text 'teste@123' in the given field.</msg>
<arg>id=Password</arg>
<arg>${senha}</arg>
<tag>PageContent</tag>
<tag>Setter</tag>
<doc>Clears and fills the given ``txt`` into the text field found by ``selector``.</doc>
<status status="PASS" start="2024-10-21T12:58:49.708681" elapsed="0.007635"/>
</kw>
<kw name="Click" owner="Browser">
<msg time="2024-10-21T12:58:49.716747" level="INFO">Clicks the element 'id=login-button'.</msg>
<arg>id=login-button</arg>
<tag>PageContent</tag>
<tag>Setter</tag>
<doc>Simulates mouse click on the element found by ``selector``.</doc>
<status status="PASS" start="2024-10-21T12:58:49.716490" elapsed="0.027141"/>
</kw>
<kw name="Take Screenshot" owner="Browser">
<msg time="2024-10-21T12:58:49.791946" level="INFO" html="true">&lt;/td&gt;&lt;/tr&gt;&lt;tr&gt;&lt;td colspan="3"&gt;&lt;a href="browser/screenshot/robotframework-browser-screenshot-8.png" target="_blank"&gt;&lt;img src="browser/screenshot/robotframework-browser-screenshot-8.png" width="800px"/&gt;&lt;/a&gt;</msg>
<tag>PageContent</tag>
<doc>Takes a screenshot of the current window or element and saves it to disk.</doc>
<status status="PASS" start="2024-10-21T12:58:49.743807" elapsed="0.048234"/>
</kw>
<arg>${empty}</arg>
<arg>teste@123</arg>
<status status="PASS" start="2024-10-21T12:58:49.661191" elapsed="0.130924"/>
</kw>
<kw name="Login com dados inválidos">
<kw name="Fill Text" owner="Browser">
<msg time="2024-10-21T12:58:49.792717" level="INFO">Fills the text 'Fabio.araujo' in the given field.</msg>
<arg>id=Username</arg>
<arg>${email}</arg>
<tag>PageContent</tag>
<tag>Setter</tag>
<doc>Clears and fills the given ``txt`` into the text field found by ``selector``.</doc>
<status status="PASS" start="2024-10-21T12:58:49.792476" elapsed="0.004817"/>
</kw>
<kw name="Fill Text" owner="Browser">
<msg time="2024-10-21T12:58:49.797774" level="INFO">Fills the text 'Fff@2020' in the given field.</msg>
<arg>id=Password</arg>
<arg>${senha}</arg>
<tag>PageContent</tag>
<tag>Setter</tag>
<doc>Clears and fills the given ``txt`` into the text field found by ``selector``.</doc>
<status status="PASS" start="2024-10-21T12:58:49.797463" elapsed="0.005639"/>
</kw>
<kw name="Click" owner="Browser">
<msg time="2024-10-21T12:58:49.804564" level="INFO">Clicks the element 'id=login-button'.</msg>
<arg>id=login-button</arg>
<tag>PageContent</tag>
<tag>Setter</tag>
<doc>Simulates mouse click on the element found by ``selector``.</doc>
<status status="PASS" start="2024-10-21T12:58:49.803884" elapsed="0.468164"/>
</kw>
<kw name="Take Screenshot" owner="Browser">
<msg time="2024-10-21T12:58:50.747521" level="INFO" html="true">&lt;/td&gt;&lt;/tr&gt;&lt;tr&gt;&lt;td colspan="3"&gt;&lt;a href="browser/screenshot/robotframework-browser-screenshot-9.png" target="_blank"&gt;&lt;img src="browser/screenshot/robotframework-browser-screenshot-9.png" width="800px"/&gt;&lt;/a&gt;</msg>
<tag>PageContent</tag>
<doc>Takes a screenshot of the current window or element and saves it to disk.</doc>
<status status="PASS" start="2024-10-21T12:58:50.272285" elapsed="0.475380"/>
</kw>
<arg>Fabio.araujo</arg>
<arg>Fff@2020</arg>
<status status="PASS" start="2024-10-21T12:58:49.792274" elapsed="0.955529"/>
</kw>
<kw name="Login com dados inválidos">
<kw name="Fill Text" owner="Browser">
<msg time="2024-10-21T12:58:50.748609" level="INFO">Fills the text 'fabio@teste.com' in the given field.</msg>
<arg>id=Username</arg>
<arg>${email}</arg>
<tag>PageContent</tag>
<tag>Setter</tag>
<doc>Clears and fills the given ``txt`` into the text field found by ``selector``.</doc>
<status status="PASS" start="2024-10-21T12:58:50.748291" elapsed="0.012252"/>
</kw>
<kw name="Fill Text" owner="Browser">
<msg time="2024-10-21T12:58:50.761579" level="INFO">Fills the text 'teste' in the given field.</msg>
<arg>id=Password</arg>
<arg>${senha}</arg>
<tag>PageContent</tag>
<tag>Setter</tag>
<doc>Clears and fills the given ``txt`` into the text field found by ``selector``.</doc>
<status status="PASS" start="2024-10-21T12:58:50.760904" elapsed="0.006191"/>
</kw>
<kw name="Click" owner="Browser">
<msg time="2024-10-21T12:58:50.767645" level="INFO">Clicks the element 'id=login-button'.</msg>
<arg>id=login-button</arg>
<tag>PageContent</tag>
<tag>Setter</tag>
<doc>Simulates mouse click on the element found by ``selector``.</doc>
<status status="PASS" start="2024-10-21T12:58:50.767332" elapsed="0.596295"/>
</kw>
<kw name="Take Screenshot" owner="Browser">
<msg time="2024-10-21T12:58:51.752734" level="INFO" html="true">&lt;/td&gt;&lt;/tr&gt;&lt;tr&gt;&lt;td colspan="3"&gt;&lt;a href="browser/screenshot/robotframework-browser-screenshot-10.png" target="_blank"&gt;&lt;img src="browser/screenshot/robotframework-browser-screenshot-10.png" width="800px"/&gt;&lt;/a&gt;</msg>
<tag>PageContent</tag>
<doc>Takes a screenshot of the current window or element and saves it to disk.</doc>
<status status="PASS" start="2024-10-21T12:58:51.363987" elapsed="0.388850"/>
</kw>
<arg>fabio@teste.com</arg>
<arg>teste</arg>
<status status="PASS" start="2024-10-21T12:58:50.748023" elapsed="1.004904"/>
</kw>
<kw name="Login com dados inválidos">
<kw name="Fill Text" owner="Browser">
<msg time="2024-10-21T12:58:51.753666" level="INFO">Fills the text 'fabio@teste.com' in the given field.</msg>
<arg>id=Username</arg>
<arg>${email}</arg>
<tag>PageContent</tag>
<tag>Setter</tag>
<doc>Clears and fills the given ``txt`` into the text field found by ``selector``.</doc>
<status status="PASS" start="2024-10-21T12:58:51.753374" elapsed="0.010163"/>
</kw>
<kw name="Fill Text" owner="Browser">
<msg time="2024-10-21T12:58:51.764100" level="INFO">Fills the text 'teste@123' in the given field.</msg>
<arg>id=Password</arg>
<arg>${senha}</arg>
<tag>PageContent</tag>
<tag>Setter</tag>
<doc>Clears and fills the given ``txt`` into the text field found by ``selector``.</doc>
<status status="PASS" start="2024-10-21T12:58:51.763767" elapsed="0.004695"/>
</kw>
<kw name="Click" owner="Browser">
<msg time="2024-10-21T12:58:51.768883" level="INFO">Clicks the element 'id=login-button'.</msg>
<arg>id=login-button</arg>
<tag>PageContent</tag>
<tag>Setter</tag>
<doc>Simulates mouse click on the element found by ``selector``.</doc>
<status status="PASS" start="2024-10-21T12:58:51.768628" elapsed="0.549864"/>
</kw>
<kw name="Take Screenshot" owner="Browser">
<msg time="2024-10-21T12:58:52.700446" level="INFO" html="true">&lt;/td&gt;&lt;/tr&gt;&lt;tr&gt;&lt;td colspan="3"&gt;&lt;a href="browser/screenshot/robotframework-browser-screenshot-11.png" target="_blank"&gt;&lt;img src="browser/screenshot/robotframework-browser-screenshot-11.png" width="800px"/&gt;&lt;/a&gt;</msg>
<tag>PageContent</tag>
<doc>Takes a screenshot of the current window or element and saves it to disk.</doc>
<status status="PASS" start="2024-10-21T12:58:52.318810" elapsed="0.381736"/>
</kw>
<arg>fabio@teste.com</arg>
<arg>teste@123</arg>
<status status="PASS" start="2024-10-21T12:58:51.753123" elapsed="0.947507"/>
</kw>
<kw name="Finalizar sessão" owner="Hooks" type="TEARDOWN">
<kw name="Take Screenshot" owner="Browser">
<msg time="2024-10-21T12:58:52.745379" level="INFO" html="true">&lt;/td&gt;&lt;/tr&gt;&lt;tr&gt;&lt;td colspan="3"&gt;&lt;a href="browser/screenshot/robotframework-browser-screenshot-12.png" target="_blank"&gt;&lt;img src="browser/screenshot/robotframework-browser-screenshot-12.png" width="800px"/&gt;&lt;/a&gt;</msg>
<tag>PageContent</tag>
<doc>Takes a screenshot of the current window or element and saves it to disk.</doc>
<status status="PASS" start="2024-10-21T12:58:52.701093" elapsed="0.044394"/>
</kw>
<kw name="Close Browser" owner="Browser">
<msg time="2024-10-21T12:58:52.778442" level="INFO">Closed browser</msg>
<tag>BrowserControl</tag>
<tag>Setter</tag>
<doc>Closes the current browser.</doc>
<status status="PASS" start="2024-10-21T12:58:52.745654" elapsed="0.032911"/>
</kw>
<status status="PASS" start="2024-10-21T12:58:52.700869" elapsed="0.077780"/>
</kw>
<tag>massivo</tag>
<status status="PASS" start="2024-10-21T12:58:46.502971" elapsed="6.275751"/>
</test>
<status status="PASS" start="2024-10-21T12:58:09.199689" elapsed="43.581143"/>
</suite>
<suite id="s1-s2" name="Pre Cadastro Test" source="/Users/fabioaraujo/repositorio/template-robot/tests/pre_cadastro_test.robot">
<test id="s1-s2-t1" name="Pre cadastro com sucesso" line="10">
<kw name="Iniciar sessão" owner="Hooks" type="SETUP">
<kw name="New Browser" owner="Browser">
<msg time="2024-10-21T12:58:52.790904" level="INFO">{"browser": "webkit", "headless": false, "chromiumSandbox": false, "devtools": false, "handleSIGHUP": true, "handleSIGINT": true, "handleSIGTERM": true, "slowMo": 0.0, "timeout": 30000.0, "tracesDir": "/Users/fabioaraujo/repositorio/template-robot/results/browser/traces/b1b25178-a94a-4330-a40e-f46a988c4cb0"}</msg>
<msg time="2024-10-21T12:58:52.893747" level="INFO">Successfully created browser with options: {"browser":"webkit","headless":false,"chromiumSandbox":false,"devtools":false,"handleSIGHUP":true,"handleSIGINT":true,"handleSIGTERM":true,"slowMo":0,"timeout":30000,"tracesDir":"/Users/fabioaraujo/repositorio/template-robot/results/browser/traces/b1b25178-a94a-4330-a40e-f46a988c4cb0"}</msg>
<arg>browser=webkit</arg>
<arg>headless=False</arg>
<tag>BrowserControl</tag>
<tag>Setter</tag>
<doc>Create a new playwright Browser with specified options.</doc>
<status status="PASS" start="2024-10-21T12:58:52.790538" elapsed="0.103313"/>
</kw>
<kw name="New Page" owner="Browser">
<msg time="2024-10-21T12:58:55.817318" level="INFO">Successfully initialized new page object and opened url: https://edukee.keeggo.com/</msg>
<msg time="2024-10-21T12:58:55.817548" level="INFO">No context was open. New context was automatically opened when this page is created.</msg>
<arg>${URL_BASE}</arg>
<tag>BrowserControl</tag>
<tag>Setter</tag>
<doc>Open a new Page.</doc>
<status status="PASS" start="2024-10-21T12:58:52.894000" elapsed="2.923922"/>
</kw>
<kw name="Set Viewport Size" owner="Browser">
<msg time="2024-10-21T12:58:55.839397" level="INFO">Set viewport size to: [object Object]</msg>
<arg>1920</arg>
<arg>1080</arg>
<tag>BrowserControl</tag>
<tag>Setter</tag>
<doc>Sets current Pages viewport size to specified dimensions.</doc>
<status status="PASS" start="2024-10-21T12:58:55.818494" elapsed="0.021131"/>
</kw>
<status status="PASS" start="2024-10-21T12:58:52.790356" elapsed="3.049456"/>
</kw>
<kw name="Preencher login" owner="login_page">
<kw name="Fill Text" owner="Browser">
<msg time="2024-10-21T12:58:55.841137" level="INFO">Fills the text 'teste-keeggo@keeggo.com' in the given field.</msg>
<arg>${CAMPO_USUARIO}</arg>
<arg>${usuario}</arg>
<tag>PageContent</tag>
<tag>Setter</tag>
<doc>Clears and fills the given ``txt`` into the text field found by ``selector``.</doc>
<status status="PASS" start="2024-10-21T12:58:55.840687" elapsed="0.042731"/>
</kw>
<kw name="Fill Text" owner="Browser">
<msg time="2024-10-21T12:58:55.883961" level="INFO">Fills the text 'Keeggo@1234' in the given field.</msg>
<arg>${CAMPO_SENHA}</arg>
<arg>${senha}</arg>
<tag>PageContent</tag>
<tag>Setter</tag>
<doc>Clears and fills the given ``txt`` into the text field found by ``selector``.</doc>
<status status="PASS" start="2024-10-21T12:58:55.883598" elapsed="0.005280"/>
</kw>
<kw name="Click" owner="Browser">
<msg time="2024-10-21T12:58:55.889317" level="INFO">Clicks the element 'id=login-button'.</msg>
<arg>${BOTAO_LOGIN}</arg>
<tag>PageContent</tag>
<tag>Setter</tag>
<doc>Simulates mouse click on the element found by ``selector``.</doc>
<status status="PASS" start="2024-10-21T12:58:55.889038" elapsed="2.688252"/>
</kw>
<arg>teste-keeggo@keeggo.com</arg>
<arg>Keeggo@1234</arg>
<status status="PASS" start="2024-10-21T12:58:55.840307" elapsed="2.737083"/>
</kw>
<kw name="Fill Text" owner="Browser">
<msg time="2024-10-21T12:58:58.577899" level="INFO">Fills the text 'Fabio' in the given field.</msg>
<arg>id=FirstName</arg>
<arg>Fabio</arg>
<tag>PageContent</tag>
<tag>Setter</tag>
<doc>Clears and fills the given ``txt`` into the text field found by ``selector``.</doc>
<status status="PASS" start="2024-10-21T12:58:58.577591" elapsed="1.303266"/>
</kw>
<kw name="Fill Text" owner="Browser">
<msg time="2024-10-21T12:58:59.881521" level="INFO">Fills the text 'Araujo' in the given field.</msg>
<arg>id=LastName</arg>
<arg>Araujo</arg>
<tag>PageContent</tag>
<tag>Setter</tag>
<doc>Clears and fills the given ``txt`` into the text field found by ``selector``.</doc>
<status status="PASS" start="2024-10-21T12:58:59.881159" elapsed="0.006267"/>
</kw>
<kw name="Fill Text" owner="Browser">
<msg time="2024-10-21T12:58:59.888157" level="INFO">Fills the text 'Teste@123' in the given field.</msg>
<arg>id=Password</arg>
<arg>Teste@123</arg>
<tag>PageContent</tag>
<tag>Setter</tag>
<doc>Clears and fills the given ``txt`` into the text field found by ``selector``.</doc>
<status status="PASS" start="2024-10-21T12:58:59.887752" elapsed="0.009642"/>
</kw>
<kw name="Fill Text" owner="Browser">
<msg time="2024-10-21T12:58:59.898742" level="INFO">Fills the text '' in the given field.</msg>
<arg>id=ConfirmPassword</arg>
<arg>${EMPTY}</arg>
<tag>PageContent</tag>
<tag>Setter</tag>
<doc>Clears and fills the given ``txt`` into the text field found by ``selector``.</doc>
<status status="PASS" start="2024-10-21T12:58:59.897897" elapsed="0.008880"/>
</kw>
<kw name="Select Options By" owner="Browser">
<msg time="2024-10-21T12:58:59.908072" level="INFO">Selects the option(s) Pacific Standard Time by attribute SelectAttribute.value from element id=TimeZone.</msg>
<arg>id=TimeZone</arg>
<arg>value</arg>
<arg>Pacific Standard Time</arg>
<tag>PageContent</tag>
<tag>Setter</tag>
<doc>Selects options from select element found by ``selector``.</doc>
<status status="PASS" start="2024-10-21T12:58:59.907470" elapsed="0.019273"/>
</kw>
<kw name="Select Options By" owner="Browser">
<msg time="2024-10-21T12:58:59.927305" level="INFO">Selects the option(s) Inglês by attribute SelectAttribute.label from element id=Culture.</msg>
<arg>id=Culture</arg>
<arg>text</arg>
<arg>Inglês</arg>
<tag>PageContent</tag>
<tag>Setter</tag>
<doc>Selects options from select element found by ``selector``.</doc>
<status status="PASS" start="2024-10-21T12:58:59.926997" elapsed="0.006924"/>
</kw>
<kw name="Select Options By" owner="Browser">
<msg time="2024-10-21T12:58:59.934524" level="INFO">Selects the option(s) DD/MM/YYYY by attribute SelectAttribute.label from element id=DateFormat.</msg>
<arg>id=DateFormat</arg>
<arg>text</arg>
<arg>DD/MM/YYYY</arg>
<tag>PageContent</tag>
<tag>Setter</tag>
<doc>Selects options from select element found by ``selector``.</doc>
<status status="PASS" start="2024-10-21T12:58:59.934166" elapsed="0.006946"/>
</kw>
<kw name="Fill Text" owner="Browser">
<msg time="2024-10-21T12:58:59.941697" level="INFO">Fills the text 'Keeggo' in the given field.</msg>
<arg>[id="CompanyName"]</arg>
<arg>Keeggo</arg>
<tag>PageContent</tag>
<tag>Setter</tag>
<doc>Clears and fills the given ``txt`` into the text field found by ``selector``.</doc>
<status status="PASS" start="2024-10-21T12:58:59.941372" elapsed="0.005559"/>
</kw>
<kw name="Fill Text" owner="Browser">
<msg time="2024-10-21T12:58:59.947533" level="INFO">Fills the text 'QA' in the given field.</msg>
<arg>[id="JobTitle"]</arg>
<arg>QA</arg>
<tag>PageContent</tag>
<tag>Setter</tag>
<doc>Clears and fills the given ``txt`` into the text field found by ``selector``.</doc>
<status status="PASS" start="2024-10-21T12:58:59.947222" elapsed="0.006244"/>
</kw>
<kw name="Fill Text" owner="Browser">
<msg time="2024-10-21T12:58:59.954096" level="INFO">Fills the text 'teste-keeggo@keeggo.com' in the given field.</msg>
<arg>id=Email</arg>
<arg>teste-keeggo@keeggo.com</arg>
<tag>PageContent</tag>
<tag>Setter</tag>
<doc>Clears and fills the given ``txt`` into the text field found by ``selector``.</doc>
<status status="PASS" start="2024-10-21T12:58:59.953791" elapsed="0.005639"/>
</kw>
<kw name="Fill Text" owner="Browser">
<msg time="2024-10-21T12:58:59.960000" level="INFO">Fills the text 'https://keeggo.com' in the given field.</msg>
<arg>id=Website</arg>
<arg>https://keeggo.com</arg>
<tag>PageContent</tag>
<tag>Setter</tag>
<doc>Clears and fills the given ``txt`` into the text field found by ``selector``.</doc>
<status status="PASS" start="2024-10-21T12:58:59.959725" elapsed="0.004671"/>
</kw>
<kw name="Fill Text" owner="Browser">
<msg time="2024-10-21T12:58:59.965180" level="INFO">Fills the text 'Avenida Paulista 1001' in the given field.</msg>
<arg>id=Street1</arg>
<arg>Avenida Paulista 1001</arg>
<tag>PageContent</tag>
<tag>Setter</tag>
<doc>Clears and fills the given ``txt`` into the text field found by ``selector``.</doc>
<status status="PASS" start="2024-10-21T12:58:59.964790" elapsed="0.005731"/>
</kw>
<kw name="Fill Text" owner="Browser">
<msg time="2024-10-21T12:58:59.971313" level="INFO">Fills the text 'Jardins' in the given field.</msg>
<arg>id=Street2</arg>
<arg>Jardins</arg>
<tag>PageContent</tag>
<tag>Setter</tag>
<doc>Clears and fills the given ``txt`` into the text field found by ``selector``.</doc>
<status status="PASS" start="2024-10-21T12:58:59.970859" elapsed="0.008913"/>
</kw>
<kw name="Fill Text" owner="Browser">
<msg time="2024-10-21T12:58:59.980424" level="INFO">Fills the text 'São Paulo' in the given field.</msg>
<arg>id=City</arg>
<arg>São Paulo</arg>
<tag>PageContent</tag>
<tag>Setter</tag>
<doc>Clears and fills the given ``txt`` into the text field found by ``selector``.</doc>
<status status="PASS" start="2024-10-21T12:58:59.980073" elapsed="0.007159"/>
</kw>
<kw name="Fill Text" owner="Browser">
<msg time="2024-10-21T12:58:59.988104" level="INFO">Fills the text 'SP' in the given field.</msg>
<arg>id=State</arg>
<arg>SP</arg>
<tag>PageContent</tag>
<tag>Setter</tag>
<doc>Clears and fills the given ``txt`` into the text field found by ``selector``.</doc>
<status status="PASS" start="2024-10-21T12:58:59.987593" elapsed="0.007654"/>
</kw>
<kw name="Fill Text" owner="Browser">
<msg time="2024-10-21T12:58:59.995740" level="INFO">Fills the text '01310-100' in the given field.</msg>
<arg>id=Zip</arg>
<arg>01310-100</arg>
<tag>PageContent</tag>
<tag>Setter</tag>
<doc>Clears and fills the given ``txt`` into the text field found by ``selector``.</doc>
<status status="PASS" start="2024-10-21T12:58:59.995470" elapsed="0.006215"/>
</kw>
<kw name="Fill Text" owner="Browser">
<msg time="2024-10-21T12:59:00.002418" level="INFO">Fills the text 'Brasil' in the given field.</msg>
<arg>id=Country</arg>
<arg>Brasil</arg>
<tag>PageContent</tag>
<tag>Setter</tag>
<doc>Clears and fills the given ``txt`` into the text field found by ``selector``.</doc>
<status status="PASS" start="2024-10-21T12:59:00.002060" elapsed="0.006922"/>
</kw>
<kw name="Fill Text" owner="Browser">
<msg time="2024-10-21T12:59:00.009800" level="INFO">Fills the text '1133333333' in the given field.</msg>
<arg>id=PhoneWork</arg>
<arg>1133333333</arg>
<tag>PageContent</tag>
<tag>Setter</tag>
<doc>Clears and fills the given ``txt`` into the text field found by ``selector``.</doc>
<status status="PASS" start="2024-10-21T12:59:00.009411" elapsed="0.006739"/>
</kw>
<kw name="Fill Text" owner="Browser">
<msg time="2024-10-21T12:59:00.016777" level="INFO">Fills the text '11999999999' in the given field.</msg>
<arg>id=PhoneMobile</arg>
<arg>11999999999</arg>
<tag>PageContent</tag>
<tag>Setter</tag>
<doc>Clears and fills the given ``txt`` into the text field found by ``selector``.</doc>
<status status="PASS" start="2024-10-21T12:59:00.016445" elapsed="0.005956"/>
</kw>
<kw name="Fill Text" owner="Browser">
<msg time="2024-10-21T12:59:00.023403" level="INFO">Fills the text 'fabio.araujo' in the given field.</msg>
<arg>id=Skype</arg>
<arg>fabio.araujo</arg>
<tag>PageContent</tag>
<tag>Setter</tag>
<doc>Clears and fills the given ``txt`` into the text field found by ``selector``.</doc>
<status status="PASS" start="2024-10-21T12:59:00.023004" elapsed="0.004705"/>
</kw>
<kw name="Fill Text" owner="Browser">
<msg time="2024-10-21T12:59:00.028182" level="INFO">Fills the text 'fabio.araujo' in the given field.</msg>
<arg>id=Twitter</arg>
<arg>fabio.araujo</arg>
<tag>PageContent</tag>
<tag>Setter</tag>
<doc>Clears and fills the given ``txt`` into the text field found by ``selector``.</doc>
<status status="PASS" start="2024-10-21T12:59:00.027940" elapsed="0.005253"/>
</kw>
<kw name="Click" owner="Browser">
<msg time="2024-10-21T12:59:00.033971" level="INFO">Clicks the element '[value="Continuar"]'.</msg>
<arg>[value="Continuar"]</arg>
<tag>PageContent</tag>
<tag>Setter</tag>
<doc>Simulates mouse click on the element found by ``selector``.</doc>
<status status="PASS" start="2024-10-21T12:59:00.033525" elapsed="0.041149"/>
</kw>
<kw name="Sleep" owner="BuiltIn">
<msg time="2024-10-21T12:59:05.077806" level="INFO">Slept 5 seconds.</msg>
<arg>5s</arg>
<doc>Pauses the test executed for the given time.</doc>
<status status="PASS" start="2024-10-21T12:59:00.075290" elapsed="5.002910"/>
</kw>
<kw name="Finalizar sessão" owner="Hooks" type="TEARDOWN">
<kw name="Take Screenshot" owner="Browser">
<msg time="2024-10-21T12:59:05.150821" level="INFO" html="true">&lt;/td&gt;&lt;/tr&gt;&lt;tr&gt;&lt;td colspan="3"&gt;&lt;a href="browser/screenshot/robotframework-browser-screenshot-13.png" target="_blank"&gt;&lt;img src="browser/screenshot/robotframework-browser-screenshot-13.png" width="800px"/&gt;&lt;/a&gt;</msg>
<tag>PageContent</tag>
<doc>Takes a screenshot of the current window or element and saves it to disk.</doc>
<status status="PASS" start="2024-10-21T12:59:05.080438" elapsed="0.070477"/>
</kw>
<kw name="Close Browser" owner="Browser">
<msg time="2024-10-21T12:59:05.176943" level="INFO">Closed browser</msg>
<tag>BrowserControl</tag>
<tag>Setter</tag>
<doc>Closes the current browser.</doc>
<status status="PASS" start="2024-10-21T12:59:05.151054" elapsed="0.025986"/>
</kw>
<status status="PASS" start="2024-10-21T12:59:05.079681" elapsed="0.097441"/>
</kw>
<doc>Realiza o pré-cadastro com sucesso utilizando os dados fornecidos.</doc>
<tag>cadastro</tag>
<status status="PASS" start="2024-10-21T12:58:52.789170" elapsed="12.388021"/>
</test>
<test id="s1-s2-t2" name="Preencher Pre-cadastro usando Page Objects" line="39">
<kw name="Iniciar sessão" owner="Hooks" type="SETUP">
<kw name="New Browser" owner="Browser">
<msg time="2024-10-21T12:59:05.180511" level="INFO">{"browser": "webkit", "headless": false, "chromiumSandbox": false, "devtools": false, "handleSIGHUP": true, "handleSIGINT": true, "handleSIGTERM": true, "slowMo": 0.0, "timeout": 30000.0, "tracesDir": "/Users/fabioaraujo/repositorio/template-robot/results/browser/traces/674d386b-c350-4229-bd0e-3937530895d6"}</msg>
<msg time="2024-10-21T12:59:05.293526" level="INFO">Successfully created browser with options: {"browser":"webkit","headless":false,"chromiumSandbox":false,"devtools":false,"handleSIGHUP":true,"handleSIGINT":true,"handleSIGTERM":true,"slowMo":0,"timeout":30000,"tracesDir":"/Users/fabioaraujo/repositorio/template-robot/results/browser/traces/674d386b-c350-4229-bd0e-3937530895d6"}</msg>
<arg>browser=webkit</arg>
<arg>headless=False</arg>
<tag>BrowserControl</tag>
<tag>Setter</tag>
<doc>Create a new playwright Browser with specified options.</doc>
<status status="PASS" start="2024-10-21T12:59:05.180153" elapsed="0.113470"/>
</kw>
<kw name="New Page" owner="Browser">
<msg time="2024-10-21T12:59:08.291969" level="INFO">Successfully initialized new page object and opened url: https://edukee.keeggo.com/</msg>
<msg time="2024-10-21T12:59:08.292188" level="INFO">No context was open. New context was automatically opened when this page is created.</msg>
<arg>${URL_BASE}</arg>
<tag>BrowserControl</tag>
<tag>Setter</tag>
<doc>Open a new Page.</doc>
<status status="PASS" start="2024-10-21T12:59:05.293760" elapsed="2.998834"/>
</kw>
<kw name="Set Viewport Size" owner="Browser">
<msg time="2024-10-21T12:59:08.310412" level="INFO">Set viewport size to: [object Object]</msg>
<arg>1920</arg>
<arg>1080</arg>
<tag>BrowserControl</tag>
<tag>Setter</tag>
<doc>Sets current Pages viewport size to specified dimensions.</doc>
<status status="PASS" start="2024-10-21T12:59:08.293167" elapsed="0.017489"/>
</kw>
<status status="PASS" start="2024-10-21T12:59:05.179983" elapsed="3.130862"/>
</kw>
<kw name="Preencher login" owner="login_page">
<kw name="Fill Text" owner="Browser">
<msg time="2024-10-21T12:59:08.312298" level="INFO">Fills the text 'teste-keeggo@keeggo.com' in the given field.</msg>
<arg>${CAMPO_USUARIO}</arg>
<arg>${usuario}</arg>
<tag>PageContent</tag>
<tag>Setter</tag>
<doc>Clears and fills the given ``txt`` into the text field found by ``selector``.</doc>
<status status="PASS" start="2024-10-21T12:59:08.311768" elapsed="0.053159"/>
</kw>
<kw name="Fill Text" owner="Browser">
<msg time="2024-10-21T12:59:08.365619" level="INFO">Fills the text 'Keeggo@1234' in the given field.</msg>
<arg>${CAMPO_SENHA}</arg>
<arg>${senha}</arg>
<tag>PageContent</tag>
<tag>Setter</tag>
<doc>Clears and fills the given ``txt`` into the text field found by ``selector``.</doc>
<status status="PASS" start="2024-10-21T12:59:08.365190" elapsed="0.010281"/>
</kw>
<kw name="Click" owner="Browser">
<msg time="2024-10-21T12:59:08.376238" level="INFO">Clicks the element 'id=login-button'.</msg>
<arg>${BOTAO_LOGIN}</arg>
<tag>PageContent</tag>
<tag>Setter</tag>
<doc>Simulates mouse click on the element found by ``selector``.</doc>
<status status="PASS" start="2024-10-21T12:59:08.375797" elapsed="1.939158"/>
</kw>
<arg>teste-keeggo@keeggo.com</arg>
<arg>Keeggo@1234</arg>
<status status="PASS" start="2024-10-21T12:59:08.311245" elapsed="2.003853"/>
</kw>
<kw name="Validar boas vindas" owner="pre_cadastro_page">
<kw name="Get Text" owner="Browser">
<msg time="2024-10-21T12:59:11.631901" level="INFO">Text: 'Olá, TESTE KEEGGO\n'</msg>
<arg>${LABEL_BOAS_VINDAS}</arg>
<arg>contains</arg>
<arg>${mensagem}</arg>
<tag>Assertion</tag>
<tag>Getter</tag>
<tag>PageContent</tag>
<doc>Returns text attribute of the element found by ``selector``.</doc>
<status status="PASS" start="2024-10-21T12:59:10.315540" elapsed="1.316507"/>
</kw>
<arg>Olá, TESTE KEEGGO</arg>
<doc>Valida a mensagem de boas vindas exibida na tela de pré-cadastro.</doc>
<status status="PASS" start="2024-10-21T12:59:10.315325" elapsed="1.316871"/>
</kw>
<kw name="Preencher Pre-cadastro" owner="pre_cadastro_page">
<kw name="Fill Text" owner="Browser">
<msg time="2024-10-21T12:59:11.634105" level="INFO">Fills the text 'Fabio' in the given field.</msg>
<arg>${CAMPO_NOME}</arg>
<arg>${nome}</arg>
<tag>PageContent</tag>
<tag>Setter</tag>
<doc>Clears and fills the given ``txt`` into the text field found by ``selector``.</doc>
<status status="PASS" start="2024-10-21T12:59:11.633661" elapsed="0.011824"/>
</kw>
<kw name="Fill Text" owner="Browser">
<msg time="2024-10-21T12:59:11.646822" level="INFO">Fills the text 'Araujo' in the given field.</msg>
<arg>${CAMPO_SOBRENOME}</arg>
<arg>${sobrenome}</arg>
<tag>PageContent</tag>
<tag>Setter</tag>
<doc>Clears and fills the given ``txt`` into the text field found by ``selector``.</doc>
<status status="PASS" start="2024-10-21T12:59:11.646221" elapsed="0.009180"/>
</kw>
<kw name="Fill Text" owner="Browser">
<msg time="2024-10-21T12:59:11.656245" level="INFO">Fills the text 'Teste@123' in the given field.</msg>
<arg>${CAMPO_SENHA}</arg>
<arg>${senha}</arg>
<tag>PageContent</tag>
<tag>Setter</tag>
<doc>Clears and fills the given ``txt`` into the text field found by ``selector``.</doc>
<status status="PASS" start="2024-10-21T12:59:11.655687" elapsed="0.007927"/>
</kw>
<kw name="Fill Text" owner="Browser">
<msg time="2024-10-21T12:59:11.664715" level="INFO">Fills the text '' in the given field.</msg>
<arg>${CAMPO_CONFIRMAR_SENHA}</arg>
<arg>${confirmar_senha}</arg>
<tag>PageContent</tag>
<tag>Setter</tag>
<doc>Clears and fills the given ``txt`` into the text field found by ``selector``.</doc>
<status status="PASS" start="2024-10-21T12:59:11.664194" elapsed="0.008297"/>
</kw>
<kw name="Select Options By" owner="Browser">
<msg time="2024-10-21T12:59:11.673181" level="INFO">Selects the option(s) Pacific Standard Time by attribute SelectAttribute.value from element id=TimeZone.</msg>
<arg>${CAMPO_FUSO_HORARIO}</arg>
<arg>value</arg>
<arg>${fuso_horario}</arg>
<tag>PageContent</tag>
<tag>Setter</tag>
<doc>Selects options from select element found by ``selector``.</doc>
<status status="PASS" start="2024-10-21T12:59:11.672753" elapsed="0.013032"/>
</kw>
<kw name="Select Options By" owner="Browser">
<msg time="2024-10-21T12:59:11.686611" level="INFO">Selects the option(s) Inglês by attribute SelectAttribute.label from element id=Culture.</msg>
<arg>${CAMPO_CULTURA}</arg>
<arg>text</arg>
<arg>${cultura}</arg>
<tag>PageContent</tag>
<tag>Setter</tag>
<doc>Selects options from select element found by ``selector``.</doc>
<status status="PASS" start="2024-10-21T12:59:11.686091" elapsed="0.010034"/>
</kw>
<kw name="Select Options By" owner="Browser">
<msg time="2024-10-21T12:59:11.696936" level="INFO">Selects the option(s) DD/MM/YYYY by attribute SelectAttribute.label from element id=DateFormat.</msg>
<arg>${CAMPO_FORMATO_DATA}</arg>
<arg>text</arg>
<arg>${formato_data}</arg>
<tag>PageContent</tag>
<tag>Setter</tag>
<doc>Selects options from select element found by ``selector``.</doc>
<status status="PASS" start="2024-10-21T12:59:11.696380" elapsed="0.007171"/>
</kw>
<kw name="Fill Text" owner="Browser">
<msg time="2024-10-21T12:59:11.704182" level="INFO">Fills the text 'Keeggo' in the given field.</msg>
<arg>${CAMPO_EMPRESA}</arg>
<arg>${nome_empresa}</arg>
<tag>PageContent</tag>
<tag>Setter</tag>
<doc>Clears and fills the given ``txt`` into the text field found by ``selector``.</doc>
<status status="PASS" start="2024-10-21T12:59:11.703794" elapsed="0.005601"/>
</kw>
<kw name="Fill Text" owner="Browser">
<msg time="2024-10-21T12:59:11.709939" level="INFO">Fills the text 'QA' in the given field.</msg>
<arg>${CAMPO_CARGO}</arg>
<arg>${cargo}</arg>
<tag>PageContent</tag>
<tag>Setter</tag>
<doc>Clears and fills the given ``txt`` into the text field found by ``selector``.</doc>
<status status="PASS" start="2024-10-21T12:59:11.709593" elapsed="0.006218"/>
</kw>
<kw name="Fill Text" owner="Browser">
<msg time="2024-10-21T12:59:11.716276" level="INFO">Fills the text 'teste' in the given field.</msg>
<arg>${CAMPO_EMAIL}</arg>
<arg>${email}</arg>
<tag>PageContent</tag>
<tag>Setter</tag>
<doc>Clears and fills the given ``txt`` into the text field found by ``selector``.</doc>
<status status="PASS" start="2024-10-21T12:59:11.715983" elapsed="0.004526"/>
</kw>
<kw name="Fill Text" owner="Browser">
<msg time="2024-10-21T12:59:11.721104" level="INFO">Fills the text 'https://keeggo.com' in the given field.</msg>
<arg>${CAMPO_SITE}</arg>
<arg>${site}</arg>
<tag>PageContent</tag>
<tag>Setter</tag>
<doc>Clears and fills the given ``txt`` into the text field found by ``selector``.</doc>
<status status="PASS" start="2024-10-21T12:59:11.720740" elapsed="0.004205"/>
</kw>
<kw name="Fill Text" owner="Browser">
<msg time="2024-10-21T12:59:11.725602" level="INFO">Fills the text 'Avenida Paulista 1001' in the given field.</msg>
<arg>${CAMPO_ENDERECO1}</arg>
<arg>${endereco1}</arg>
<tag>PageContent</tag>
<tag>Setter</tag>
<doc>Clears and fills the given ``txt`` into the text field found by ``selector``.</doc>
<status status="PASS" start="2024-10-21T12:59:11.725222" elapsed="0.006953"/>
</kw>
<kw name="Fill Text" owner="Browser">
<msg time="2024-10-21T12:59:11.732840" level="INFO">Fills the text 'Jardins' in the given field.</msg>
<arg>${CAMPO_ENDERECO2}</arg>
<arg>${endereco2}</arg>
<tag>PageContent</tag>
<tag>Setter</tag>
<doc>Clears and fills the given ``txt`` into the text field found by ``selector``.</doc>
<status status="PASS" start="2024-10-21T12:59:11.732423" elapsed="0.006588"/>
</kw>
<kw name="Fill Text" owner="Browser">
<msg time="2024-10-21T12:59:11.739668" level="INFO">Fills the text 'São Paulo' in the given field.</msg>
<arg>${CAMPO_CIDADE}</arg>
<arg>${cidade}</arg>
<tag>PageContent</tag>
<tag>Setter</tag>
<doc>Clears and fills the given ``txt`` into the text field found by ``selector``.</doc>
<status status="PASS" start="2024-10-21T12:59:11.739292" elapsed="0.005347"/>
</kw>
<kw name="Fill Text" owner="Browser">
<msg time="2024-10-21T12:59:11.745556" level="INFO">Fills the text 'SP' in the given field.</msg>
<arg>${CAMPO_ESTADO}</arg>
<arg>${estado}</arg>
<tag>PageContent</tag>
<tag>Setter</tag>
<doc>Clears and fills the given ``txt`` into the text field found by ``selector``.</doc>
<status status="PASS" start="2024-10-21T12:59:11.744887" elapsed="0.006457"/>
</kw>
<kw name="Fill Text" owner="Browser">
<msg time="2024-10-21T12:59:11.752113" level="INFO">Fills the text '01310-100' in the given field.</msg>
<arg>${CAMPO_CEP}</arg>
<arg>${cep}</arg>
<tag>PageContent</tag>
<tag>Setter</tag>
<doc>Clears and fills the given ``txt`` into the text field found by ``selector``.</doc>
<status status="PASS" start="2024-10-21T12:59:11.751712" elapsed="0.005418"/>
</kw>
<kw name="Fill Text" owner="Browser">
<msg time="2024-10-21T12:59:11.757865" level="INFO">Fills the text 'Brasil' in the given field.</msg>
<arg>${CAMPO_PAIS}</arg>
<arg>${pais}</arg>
<tag>PageContent</tag>
<tag>Setter</tag>
<doc>Clears and fills the given ``txt`` into the text field found by ``selector``.</doc>
<status status="PASS" start="2024-10-21T12:59:11.757420" elapsed="0.005974"/>
</kw>
<kw name="Fill Text" owner="Browser">
<msg time="2024-10-21T12:59:11.763901" level="INFO">Fills the text '1133333333' in the given field.</msg>
<arg>${CAMPO_TEL_TRABALHO}</arg>
<arg>${tel_trabalho}</arg>
<tag>PageContent</tag>
<tag>Setter</tag>
<doc>Clears and fills the given ``txt`` into the text field found by ``selector``.</doc>
<status status="PASS" start="2024-10-21T12:59:11.763590" elapsed="0.004926"/>
</kw>
<kw name="Fill Text" owner="Browser">
<msg time="2024-10-21T12:59:11.768997" level="INFO">Fills the text '11999999999' in the given field.</msg>
<arg>${CAMPO_CELULAR}</arg>
<arg>${tel_celular}</arg>
<tag>PageContent</tag>
<tag>Setter</tag>
<doc>Clears and fills the given ``txt`` into the text field found by ``selector``.</doc>
<status status="PASS" start="2024-10-21T12:59:11.768690" elapsed="0.004439"/>
</kw>
<kw name="Fill Text" owner="Browser">
<msg time="2024-10-21T12:59:11.773549" level="INFO">Fills the text 'fabio.skype' in the given field.</msg>
<arg>${CAMPO_SKYPE}</arg>
<arg>${skype}</arg>
<tag>PageContent</tag>
<tag>Setter</tag>
<doc>Clears and fills the given ``txt`` into the text field found by ``selector``.</doc>
<status status="PASS" start="2024-10-21T12:59:11.773289" elapsed="0.004133"/>
</kw>
<kw name="Fill Text" owner="Browser">
<msg time="2024-10-21T12:59:11.778097" level="INFO">Fills the text 'fabio.twitter' in the given field.</msg>
<arg>${CAMPO_TWITTER}</arg>
<arg>${twitter}</arg>
<tag>PageContent</tag>
<tag>Setter</tag>
<doc>Clears and fills the given ``txt`` into the text field found by ``selector``.</doc>
<status status="PASS" start="2024-10-21T12:59:11.777652" elapsed="0.005490"/>
</kw>
<kw name="Click" owner="Browser">
<msg time="2024-10-21T12:59:11.783744" level="INFO">Clicks the element '[value="Continuar"]'.</msg>
<arg>${BOTAO_CONTINUAR}</arg>
<tag>PageContent</tag>
<tag>Setter</tag>
<doc>Simulates mouse click on the element found by ``selector``.</doc>
<status status="PASS" start="2024-10-21T12:59:11.783374" elapsed="0.036471"/>
</kw>
<arg>Fabio</arg>
<arg>Araujo</arg>
<arg>Teste@123</arg>
<arg>${EMPTY}</arg>
<arg>Pacific Standard Time</arg>
<arg>Inglês</arg>
<arg>DD/MM/YYYY</arg>
<arg>Keeggo</arg>
<arg>QA</arg>
<arg>teste</arg>
<arg>https://keeggo.com</arg>
<arg>Avenida Paulista 1001</arg>
<arg>Jardins</arg>
<arg>São Paulo</arg>
<arg>SP</arg>
<arg>01310-100</arg>
<arg>Brasil</arg>
<arg>1133333333</arg>
<arg>11999999999</arg>
<arg>fabio.skype</arg>
<arg>fabio.twitter</arg>
<doc>Realiza o pré-cadastro com sucesso utilizando os dados fornecidos.</doc>
<status status="PASS" start="2024-10-21T12:59:11.632579" elapsed="0.187403"/>
</kw>
<kw name="Finalizar sessão" owner="Hooks" type="TEARDOWN">
<kw name="Take Screenshot" owner="Browser">
<msg time="2024-10-21T12:59:11.869713" level="INFO" html="true">&lt;/td&gt;&lt;/tr&gt;&lt;tr&gt;&lt;td colspan="3"&gt;&lt;a href="browser/screenshot/robotframework-browser-screenshot-14.png" target="_blank"&gt;&lt;img src="browser/screenshot/robotframework-browser-screenshot-14.png" width="800px"/&gt;&lt;/a&gt;</msg>
<tag>PageContent</tag>
<doc>Takes a screenshot of the current window or element and saves it to disk.</doc>
<status status="PASS" start="2024-10-21T12:59:11.820491" elapsed="0.049319"/>
</kw>
<kw name="Close Browser" owner="Browser">
<msg time="2024-10-21T12:59:11.894182" level="INFO">Closed browser</msg>
<tag>BrowserControl</tag>
<tag>Setter</tag>
<doc>Closes the current browser.</doc>
<status status="PASS" start="2024-10-21T12:59:11.869953" elapsed="0.024465"/>
</kw>
<status status="PASS" start="2024-10-21T12:59:11.820282" elapsed="0.074256"/>
</kw>
<doc>Realiza o pré-cadastro com sucesso utilizando a keyword do Page Objects</doc>
<tag>cadastro-page</tag>
<status status="PASS" start="2024-10-21T12:59:05.179034" elapsed="6.715600"/>
</test>
<test id="s1-s2-t3" name="Preencher Pre-cadastro usando Page Objectse massa de dados" line="51">
<kw name="Iniciar sessão" owner="Hooks" type="SETUP">
<kw name="New Browser" owner="Browser">
<msg time="2024-10-21T12:59:11.899409" level="INFO">{"browser": "webkit", "headless": false, "chromiumSandbox": false, "devtools": false, "handleSIGHUP": true, "handleSIGINT": true, "handleSIGTERM": true, "slowMo": 0.0, "timeout": 30000.0, "tracesDir": "/Users/fabioaraujo/repositorio/template-robot/results/browser/traces/7b3c6bd1-826d-4f0b-a9d5-ac522864b52e"}</msg>
<msg time="2024-10-21T12:59:12.023941" level="INFO">Successfully created browser with options: {"browser":"webkit","headless":false,"chromiumSandbox":false,"devtools":false,"handleSIGHUP":true,"handleSIGINT":true,"handleSIGTERM":true,"slowMo":0,"timeout":30000,"tracesDir":"/Users/fabioaraujo/repositorio/template-robot/results/browser/traces/7b3c6bd1-826d-4f0b-a9d5-ac522864b52e"}</msg>
<arg>browser=webkit</arg>
<arg>headless=False</arg>
<tag>BrowserControl</tag>
<tag>Setter</tag>
<doc>Create a new playwright Browser with specified options.</doc>
<status status="PASS" start="2024-10-21T12:59:11.898982" elapsed="0.125099"/>
</kw>
<kw name="New Page" owner="Browser">
<msg time="2024-10-21T12:59:14.827835" level="INFO">Successfully initialized new page object and opened url: https://edukee.keeggo.com/</msg>
<msg time="2024-10-21T12:59:14.828059" level="INFO">No context was open. New context was automatically opened when this page is created.</msg>
<arg>${URL_BASE}</arg>
<tag>BrowserControl</tag>
<tag>Setter</tag>
<doc>Open a new Page.</doc>
<status status="PASS" start="2024-10-21T12:59:12.024255" elapsed="2.804229"/>
</kw>
<kw name="Set Viewport Size" owner="Browser">
<msg time="2024-10-21T12:59:14.850298" level="INFO">Set viewport size to: [object Object]</msg>
<arg>1920</arg>
<arg>1080</arg>
<tag>BrowserControl</tag>
<tag>Setter</tag>
<doc>Sets current Pages viewport size to specified dimensions.</doc>
<status status="PASS" start="2024-10-21T12:59:14.829245" elapsed="0.021219"/>
</kw>
<status status="PASS" start="2024-10-21T12:59:11.898785" elapsed="2.951819"/>
</kw>
<kw name="Create Dictionary" owner="BuiltIn">
<msg time="2024-10-21T12:59:14.851422" level="INFO">${login} = {'email': 'teste-keeggo@keeggo.com', 'senha': 'Keeggo@1234'}</msg>
<var>${login}</var>
<arg>email=teste-keeggo@keeggo.com</arg>
<arg>senha=Keeggo@1234</arg>
<doc>Creates and returns a dictionary based on the given ``items``.</doc>
<status status="PASS" start="2024-10-21T12:59:14.850906" elapsed="0.000544"/>
</kw>
<kw name="Preencher login" owner="login_page">
<kw name="Fill Text" owner="Browser">
<msg time="2024-10-21T12:59:14.852406" level="INFO">Fills the text 'teste-keeggo@keeggo.com' in the given field.</msg>
<arg>${CAMPO_USUARIO}</arg>
<arg>${usuario}</arg>
<tag>PageContent</tag>
<tag>Setter</tag>
<doc>Clears and fills the given ``txt`` into the text field found by ``selector``.</doc>
<status status="PASS" start="2024-10-21T12:59:14.852014" elapsed="0.045978"/>
</kw>
<kw name="Fill Text" owner="Browser">
<msg time="2024-10-21T12:59:14.898530" level="INFO">Fills the text 'Keeggo@1234' in the given field.</msg>
<arg>${CAMPO_SENHA}</arg>
<arg>${senha}</arg>
<tag>PageContent</tag>
<tag>Setter</tag>
<doc>Clears and fills the given ``txt`` into the text field found by ``selector``.</doc>
<status status="PASS" start="2024-10-21T12:59:14.898183" elapsed="0.005779"/>
</kw>
<kw name="Click" owner="Browser">
<msg time="2024-10-21T12:59:14.904883" level="INFO">Clicks the element 'id=login-button'.</msg>
<arg>${BOTAO_LOGIN}</arg>
<tag>PageContent</tag>
<tag>Setter</tag>
<doc>Simulates mouse click on the element found by ``selector``.</doc>
<status status="PASS" start="2024-10-21T12:59:14.904297" elapsed="2.448238"/>
</kw>
<arg>${login}[email]</arg>
<arg>${login}[senha]</arg>
<status status="PASS" start="2024-10-21T12:59:14.851675" elapsed="2.501013"/>
</kw>
<kw name="Validar boas vindas" owner="pre_cadastro_page">
<kw name="Get Text" owner="Browser">
<msg time="2024-10-21T12:59:18.683754" level="INFO">Text: 'Olá, TESTE KEEGGO\n'</msg>
<arg>${LABEL_BOAS_VINDAS}</arg>
<arg>contains</arg>
<arg>${mensagem}</arg>
<tag>Assertion</tag>
<tag>Getter</tag>
<tag>PageContent</tag>
<doc>Returns text attribute of the element found by ``selector``.</doc>
<status status="PASS" start="2024-10-21T12:59:17.353321" elapsed="1.330542"/>
</kw>
<arg>Olá, TESTE KEEGGO</arg>
<doc>Valida a mensagem de boas vindas exibida na tela de pré-cadastro.</doc>
<status status="PASS" start="2024-10-21T12:59:17.352978" elapsed="1.331006"/>
</kw>
<kw name="Preencher Pre-cadastro" owner="pre_cadastro_page">
<kw name="Fill Text" owner="Browser">
<msg time="2024-10-21T12:59:18.685620" level="INFO">Fills the text 'Fabio' in the given field.</msg>
<arg>${CAMPO_NOME}</arg>
<arg>${nome}</arg>
<tag>PageContent</tag>
<tag>Setter</tag>
<doc>Clears and fills the given ``txt`` into the text field found by ``selector``.</doc>
<status status="PASS" start="2024-10-21T12:59:18.685241" elapsed="0.007371"/>
</kw>
<kw name="Fill Text" owner="Browser">
<msg time="2024-10-21T12:59:18.693191" level="INFO">Fills the text 'Araujo' in the given field.</msg>
<arg>${CAMPO_SOBRENOME}</arg>
<arg>${sobrenome}</arg>
<tag>PageContent</tag>
<tag>Setter</tag>
<doc>Clears and fills the given ``txt`` into the text field found by ``selector``.</doc>
<status status="PASS" start="2024-10-21T12:59:18.692799" elapsed="0.005199"/>
</kw>
<kw name="Fill Text" owner="Browser">
<msg time="2024-10-21T12:59:18.698489" level="INFO">Fills the text 'Teste@123' in the given field.</msg>
<arg>${CAMPO_SENHA}</arg>
<arg>${senha}</arg>
<tag>PageContent</tag>
<tag>Setter</tag>
<doc>Clears and fills the given ``txt`` into the text field found by ``selector``.</doc>
<status status="PASS" start="2024-10-21T12:59:18.698168" elapsed="0.005427"/>
</kw>
<kw name="Fill Text" owner="Browser">
<msg time="2024-10-21T12:59:18.704121" level="INFO">Fills the text '' in the given field.</msg>
<arg>${CAMPO_CONFIRMAR_SENHA}</arg>
<arg>${confirmar_senha}</arg>
<tag>PageContent</tag>
<tag>Setter</tag>
<doc>Clears and fills the given ``txt`` into the text field found by ``selector``.</doc>
<status status="PASS" start="2024-10-21T12:59:18.703783" elapsed="0.006262"/>
</kw>
<kw name="Select Options By" owner="Browser">
<msg time="2024-10-21T12:59:18.710583" level="INFO">Selects the option(s) Pacific Standard Time by attribute SelectAttribute.value from element id=TimeZone.</msg>
<arg>${CAMPO_FUSO_HORARIO}</arg>
<arg>value</arg>
<arg>${fuso_horario}</arg>
<tag>PageContent</tag>
<tag>Setter</tag>
<doc>Selects options from select element found by ``selector``.</doc>
<status status="PASS" start="2024-10-21T12:59:18.710224" elapsed="0.008427"/>
</kw>
<kw name="Select Options By" owner="Browser">
<msg time="2024-10-21T12:59:18.719078" level="INFO">Selects the option(s) Inglês by attribute SelectAttribute.label from element id=Culture.</msg>
<arg>${CAMPO_CULTURA}</arg>
<arg>text</arg>
<arg>${cultura}</arg>
<tag>PageContent</tag>
<tag>Setter</tag>
<doc>Selects options from select element found by ``selector``.</doc>
<status status="PASS" start="2024-10-21T12:59:18.718801" elapsed="0.005306"/>
</kw>
<kw name="Select Options By" owner="Browser">
<msg time="2024-10-21T12:59:18.724559" level="INFO">Selects the option(s) DD/MM/YYYY by attribute SelectAttribute.label from element id=DateFormat.</msg>
<arg>${CAMPO_FORMATO_DATA}</arg>
<arg>text</arg>
<arg>${formato_data}</arg>
<tag>PageContent</tag>
<tag>Setter</tag>
<doc>Selects options from select element found by ``selector``.</doc>
<status status="PASS" start="2024-10-21T12:59:18.724257" elapsed="0.003950"/>
</kw>
<kw name="Fill Text" owner="Browser">
<msg time="2024-10-21T12:59:18.728554" level="INFO">Fills the text 'Keeggo' in the given field.</msg>
<arg>${CAMPO_EMPRESA}</arg>
<arg>${nome_empresa}</arg>
<tag>PageContent</tag>
<tag>Setter</tag>
<doc>Clears and fills the given ``txt`` into the text field found by ``selector``.</doc>
<status status="PASS" start="2024-10-21T12:59:18.728320" elapsed="0.003851"/>
</kw>
<kw name="Fill Text" owner="Browser">
<msg time="2024-10-21T12:59:18.732587" level="INFO">Fills the text 'QA' in the given field.</msg>
<arg>${CAMPO_CARGO}</arg>
<arg>${cargo}</arg>
<tag>PageContent</tag>
<tag>Setter</tag>
<doc>Clears and fills the given ``txt`` into the text field found by ``selector``.</doc>
<status status="PASS" start="2024-10-21T12:59:18.732318" elapsed="0.003381"/>
</kw>
<kw name="Fill Text" owner="Browser">
<msg time="2024-10-21T12:59:18.736030" level="INFO">Fills the text 'teste' in the given field.</msg>
<arg>${CAMPO_EMAIL}</arg>
<arg>${email}</arg>
<tag>PageContent</tag>
<tag>Setter</tag>
<doc>Clears and fills the given ``txt`` into the text field found by ``selector``.</doc>
<status status="PASS" start="2024-10-21T12:59:18.735812" elapsed="0.002965"/>
</kw>
<kw name="Fill Text" owner="Browser">
<msg time="2024-10-21T12:59:18.739179" level="INFO">Fills the text 'https://keeggo.com' in the given field.</msg>
<arg>${CAMPO_SITE}</arg>
<arg>${site}</arg>
<tag>PageContent</tag>
<tag>Setter</tag>
<doc>Clears and fills the given ``txt`` into the text field found by ``selector``.</doc>
<status status="PASS" start="2024-10-21T12:59:18.738925" elapsed="0.003637"/>
</kw>
<kw name="Fill Text" owner="Browser">
<msg time="2024-10-21T12:59:18.743006" level="INFO">Fills the text 'Avenida Paulista 1001' in the given field.</msg>
<arg>${CAMPO_ENDERECO1}</arg>
<arg>${endereco1}</arg>
<tag>PageContent</tag>
<tag>Setter</tag>
<doc>Clears and fills the given ``txt`` into the text field found by ``selector``.</doc>
<status status="PASS" start="2024-10-21T12:59:18.742720" elapsed="0.004113"/>
</kw>
<kw name="Fill Text" owner="Browser">
<msg time="2024-10-21T12:59:18.747247" level="INFO">Fills the text 'Jardins' in the given field.</msg>
<arg>${CAMPO_ENDERECO2}</arg>
<arg>${endereco2}</arg>
<tag>PageContent</tag>
<tag>Setter</tag>
<doc>Clears and fills the given ``txt`` into the text field found by ``selector``.</doc>
[...]
<arg>${BOTAO_CONTINUAR}</arg>
<tag>PageContent</tag>
<tag>Setter</tag>
<doc>Simulates mouse click on the element found by ``selector``.</doc>
<status status="PASS" start="2024-10-21T12:59:18.780644" elapsed="0.046018"/>
</kw>
<arg>Fabio</arg>
<arg>Araujo</arg>
<arg>Teste@123</arg>
<arg>${EMPTY}</arg>
<arg>Pacific Standard Time</arg>
<arg>Inglês</arg>
<arg>DD/MM/YYYY</arg>
<arg>Keeggo</arg>
<arg>QA</arg>
<arg>teste</arg>
<arg>https://keeggo.com</arg>
<arg>Avenida Paulista 1001</arg>
<arg>Jardins</arg>
<arg>São Paulo</arg>
<arg>SP</arg>
<arg>01310-100</arg>
<arg>Brasil</arg>
<arg>1133333333</arg>
<arg>11999999999</arg>
<arg>fabio.skype</arg>
<arg>fabio.twitter</arg>
<doc>Realiza o pré-cadastro com sucesso utilizando os dados fornecidos.</doc>
<status status="PASS" start="2024-10-21T12:59:18.684302" elapsed="0.142442"/>
</kw>
<kw name="Finalizar sessão" owner="Hooks" type="TEARDOWN">
<kw name="Take Screenshot" owner="Browser">
<msg time="2024-10-21T12:59:18.864134" level="INFO" html="true">&lt;/td&gt;&lt;/tr&gt;&lt;tr&gt;&lt;td colspan="3"&gt;&lt;a href="browser/screenshot/robotframework-browser-screenshot-15.png" target="_blank"&gt;&lt;img src="browser/screenshot/robotframework-browser-screenshot-15.png" width="800px"/&gt;&lt;/a&gt;</msg>
<tag>PageContent</tag>
<doc>Takes a screenshot of the current window or element and saves it to disk.</doc>
<status status="PASS" start="2024-10-21T12:59:18.827159" elapsed="0.037058"/>
</kw>
<kw name="Close Browser" owner="Browser">
<msg time="2024-10-21T12:59:18.889858" level="INFO">Closed browser</msg>
<tag>BrowserControl</tag>
<tag>Setter</tag>
<doc>Closes the current browser.</doc>
<status status="PASS" start="2024-10-21T12:59:18.864336" elapsed="0.025624"/>
</kw>
<status status="PASS" start="2024-10-21T12:59:18.826986" elapsed="0.063053"/>
</kw>
<doc>Realiza o pré-cadastro com sucesso utilizando a keyword do Page Objects e massa de dados em variáveis</doc>
<tag>dados</tag>
<status status="PASS" start="2024-10-21T12:59:11.897591" elapsed="6.992517"/>
</test>
<test id="s1-s2-t4" name="Preencher Pre-cadastro usando Page Objects e data json" line="69">
<kw name="Iniciar sessão" owner="Hooks" type="SETUP">
<kw name="New Browser" owner="Browser">
<msg time="2024-10-21T12:59:18.893552" level="INFO">{"browser": "webkit", "headless": false, "chromiumSandbox": false, "devtools": false, "handleSIGHUP": true, "handleSIGINT": true, "handleSIGTERM": true, "slowMo": 0.0, "timeout": 30000.0, "tracesDir": "/Users/fabioaraujo/repositorio/template-robot/results/browser/traces/7c07cc47-1aae-44ca-b953-1c29851b04d2"}</msg>
<msg time="2024-10-21T12:59:19.007382" level="INFO">Successfully created browser with options: {"browser":"webkit","headless":false,"chromiumSandbox":false,"devtools":false,"handleSIGHUP":true,"handleSIGINT":true,"handleSIGTERM":true,"slowMo":0,"timeout":30000,"tracesDir":"/Users/fabioaraujo/repositorio/template-robot/results/browser/traces/7c07cc47-1aae-44ca-b953-1c29851b04d2"}</msg>
<arg>browser=webkit</arg>
<arg>headless=False</arg>
<tag>BrowserControl</tag>
<tag>Setter</tag>
<doc>Create a new playwright Browser with specified options.</doc>
<status status="PASS" start="2024-10-21T12:59:18.893190" elapsed="0.114296"/>
</kw>
<kw name="New Page" owner="Browser">
<msg time="2024-10-21T12:59:22.623294" level="INFO">Successfully initialized new page object and opened url: https://edukee.keeggo.com/</msg>
<msg time="2024-10-21T12:59:22.623505" level="INFO">No context was open. New context was automatically opened when this page is created.</msg>
<arg>${URL_BASE}</arg>
<tag>BrowserControl</tag>
<tag>Setter</tag>
<doc>Open a new Page.</doc>
<status status="PASS" start="2024-10-21T12:59:19.007637" elapsed="3.616248"/>
</kw>
<kw name="Set Viewport Size" owner="Browser">
<msg time="2024-10-21T12:59:22.646133" level="INFO">Set viewport size to: [object Object]</msg>
<arg>1920</arg>
<arg>1080</arg>
<tag>BrowserControl</tag>
<tag>Setter</tag>
<doc>Sets current Pages viewport size to specified dimensions.</doc>
<status status="PASS" start="2024-10-21T12:59:22.624459" elapsed="0.021817"/>
</kw>
<status status="PASS" start="2024-10-21T12:59:18.893017" elapsed="3.753385"/>
</kw>
<kw name="Preencher login" owner="login_page">
<kw name="Fill Text" owner="Browser">
<msg time="2024-10-21T12:59:22.647433" level="INFO">Fills the text 'teste-keeggo@keeggo.com' in the given field.</msg>
<arg>${CAMPO_USUARIO}</arg>
<arg>${usuario}</arg>
<tag>PageContent</tag>
<tag>Setter</tag>
<doc>Clears and fills the given ``txt`` into the text field found by ``selector``.</doc>
<status status="PASS" start="2024-10-21T12:59:22.647023" elapsed="0.043223"/>
</kw>
<kw name="Fill Text" owner="Browser">
<msg time="2024-10-21T12:59:22.690752" level="INFO">Fills the text 'Keeggo@1234' in the given field.</msg>
<arg>${CAMPO_SENHA}</arg>
<arg>${senha}</arg>
<tag>PageContent</tag>
<tag>Setter</tag>
<doc>Clears and fills the given ``txt`` into the text field found by ``selector``.</doc>
<status status="PASS" start="2024-10-21T12:59:22.690418" elapsed="0.005045"/>
</kw>
<kw name="Click" owner="Browser">
<msg time="2024-10-21T12:59:22.695937" level="INFO">Clicks the element 'id=login-button'.</msg>
<arg>${BOTAO_LOGIN}</arg>
<tag>PageContent</tag>
<tag>Setter</tag>
<doc>Simulates mouse click on the element found by ``selector``.</doc>
<status status="PASS" start="2024-10-21T12:59:22.695654" elapsed="1.955293"/>
</kw>
<arg>teste-keeggo@keeggo.com</arg>
<arg>Keeggo@1234</arg>
<status status="PASS" start="2024-10-21T12:59:22.646686" elapsed="2.004410"/>
</kw>
<kw name="Validar boas vindas" owner="pre_cadastro_page">
<kw name="Get Text" owner="Browser">
<msg time="2024-10-21T12:59:25.978666" level="INFO">Text: 'Olá, TESTE KEEGGO\n'</msg>
<arg>${LABEL_BOAS_VINDAS}</arg>
<arg>contains</arg>
<arg>${mensagem}</arg>
<tag>Assertion</tag>
<tag>Getter</tag>
<tag>PageContent</tag>
<doc>Returns text attribute of the element found by ``selector``.</doc>
<status status="PASS" start="2024-10-21T12:59:24.651665" elapsed="1.327176"/>
</kw>
<arg>Olá, TESTE KEEGGO</arg>
<doc>Valida a mensagem de boas vindas exibida na tela de pré-cadastro.</doc>
<status status="PASS" start="2024-10-21T12:59:24.651357" elapsed="1.327678"/>
</kw>
<kw name="get json data" owner="Base">
<kw name="Load Json From File" owner="JSONLibrary">
<msg time="2024-10-21T12:59:25.981492" level="INFO">${data} = {'nome': 'Fabio JSON', 'sobrenome': 'Araujo', 'senha': 'Teste@123', 'confirma_senha': '${EMPTY}', 'time_zone': 'Pacific Standard Time', 'idioma': 'Inglês', 'formato_data': 'DD/MM/YYYY', 'empresa': 'Ke...</msg>
<var>${data}</var>
<arg>${EXECDIR}/resources/data/${file_name}.json</arg>
<doc>Load JSON from file.</doc>
<status status="PASS" start="2024-10-21T12:59:25.979888" elapsed="0.001791"/>
</kw>
<return>
<value>${data}</value>
<status status="PASS" start="2024-10-21T12:59:25.981766" elapsed="0.000088"/>
</return>
<msg time="2024-10-21T12:59:25.982012" level="INFO">${data} = {'nome': 'Fabio JSON', 'sobrenome': 'Araujo', 'senha': 'Teste@123', 'confirma_senha': '${EMPTY}', 'time_zone': 'Pacific Standard Time', 'idioma': 'Inglês', 'formato_data': 'DD/MM/YYYY', 'empresa': 'Ke...</msg>
<var>${data}</var>
<arg>usuario</arg>
<status status="PASS" start="2024-10-21T12:59:25.979445" elapsed="0.002594"/>
</kw>
<kw name="Preencher Pre-cadastro" owner="pre_cadastro_page">
<kw name="Fill Text" owner="Browser">
<msg time="2024-10-21T12:59:25.983802" level="INFO">Fills the text 'Fabio JSON' in the given field.</msg>
<arg>${CAMPO_NOME}</arg>
<arg>${nome}</arg>
<tag>PageContent</tag>
<tag>Setter</tag>
<doc>Clears and fills the given ``txt`` into the text field found by ``selector``.</doc>
<status status="PASS" start="2024-10-21T12:59:25.983339" elapsed="0.009160"/>
</kw>
<kw name="Fill Text" owner="Browser">
<msg time="2024-10-21T12:59:25.993137" level="INFO">Fills the text 'Araujo' in the given field.</msg>
<arg>${CAMPO_SOBRENOME}</arg>
<arg>${sobrenome}</arg>
<tag>PageContent</tag>
<tag>Setter</tag>
<doc>Clears and fills the given ``txt`` into the text field found by ``selector``.</doc>
<status status="PASS" start="2024-10-21T12:59:25.992731" elapsed="0.006319"/>
</kw>
<kw name="Fill Text" owner="Browser">
<msg time="2024-10-21T12:59:25.999571" level="INFO">Fills the text 'Teste@123' in the given field.</msg>
<arg>${CAMPO_SENHA}</arg>
<arg>${senha}</arg>
<tag>PageContent</tag>
<tag>Setter</tag>
<doc>Clears and fills the given ``txt`` into the text field found by ``selector``.</doc>
<status status="PASS" start="2024-10-21T12:59:25.999233" elapsed="0.004456"/>
</kw>
<kw name="Fill Text" owner="Browser">
<msg time="2024-10-21T12:59:26.004249" level="INFO">Fills the text '${EMPTY}' in the given field.</msg>
<arg>${CAMPO_CONFIRMAR_SENHA}</arg>
<arg>${confirmar_senha}</arg>
<tag>PageContent</tag>
<tag>Setter</tag>
<doc>Clears and fills the given ``txt`` into the text field found by ``selector``.</doc>
<status status="PASS" start="2024-10-21T12:59:26.003867" elapsed="0.004549"/>
</kw>
<kw name="Select Options By" owner="Browser">
<msg time="2024-10-21T12:59:26.008912" level="INFO">Selects the option(s) Pacific Standard Time by attribute SelectAttribute.value from element id=TimeZone.</msg>
<arg>${CAMPO_FUSO_HORARIO}</arg>
<arg>value</arg>
<arg>${fuso_horario}</arg>
<tag>PageContent</tag>
<tag>Setter</tag>
<doc>Selects options from select element found by ``selector``.</doc>
<status status="PASS" start="2024-10-21T12:59:26.008580" elapsed="0.008352"/>
</kw>
<kw name="Select Options By" owner="Browser">
<msg time="2024-10-21T12:59:26.017562" level="INFO">Selects the option(s) Inglês by attribute SelectAttribute.label from element id=Culture.</msg>
<arg>${CAMPO_CULTURA}</arg>
<arg>text</arg>
<arg>${cultura}</arg>
<tag>PageContent</tag>
<tag>Setter</tag>
<doc>Selects options from select element found by ``selector``.</doc>
<status status="PASS" start="2024-10-21T12:59:26.017138" elapsed="0.006838"/>
</kw>
<kw name="Select Options By" owner="Browser">
<msg time="2024-10-21T12:59:26.024466" level="INFO">Selects the option(s) DD/MM/YYYY by attribute SelectAttribute.label from element id=DateFormat.</msg>
<arg>${CAMPO_FORMATO_DATA}</arg>
<arg>text</arg>
<arg>${formato_data}</arg>
<tag>PageContent</tag>
<tag>Setter</tag>
<doc>Selects options from select element found by ``selector``.</doc>
<status status="PASS" start="2024-10-21T12:59:26.024144" elapsed="0.003841"/>
</kw>
<kw name="Fill Text" owner="Browser">
<msg time="2024-10-21T12:59:26.028386" level="INFO">Fills the text 'Keeggo' in the given field.</msg>
<arg>${CAMPO_EMPRESA}</arg>
<arg>${nome_empresa}</arg>
<tag>PageContent</tag>
<tag>Setter</tag>
<doc>Clears and fills the given ``txt`` into the text field found by ``selector``.</doc>
<status status="PASS" start="2024-10-21T12:59:26.028118" elapsed="0.003383"/>
</kw>
<kw name="Fill Text" owner="Browser">
<msg time="2024-10-21T12:59:26.031884" level="INFO">Fills the text 'QA' in the given field.</msg>
<arg>${CAMPO_CARGO}</arg>
<arg>${cargo}</arg>
<tag>PageContent</tag>
<tag>Setter</tag>
<doc>Clears and fills the given ``txt`` into the text field found by ``selector``.</doc>
<status status="PASS" start="2024-10-21T12:59:26.031620" elapsed="0.003508"/>
</kw>
<kw name="Fill Text" owner="Browser">
<msg time="2024-10-21T12:59:26.035490" level="INFO">Fills the text '${EMPTY}' in the given field.</msg>
<arg>${CAMPO_EMAIL}</arg>
<arg>${email}</arg>
<tag>PageContent</tag>
<tag>Setter</tag>
<doc>Clears and fills the given ``txt`` into the text field found by ``selector``.</doc>
<status status="PASS" start="2024-10-21T12:59:26.035255" elapsed="0.003796"/>
</kw>
<kw name="Fill Text" owner="Browser">
<msg time="2024-10-21T12:59:26.039429" level="INFO">Fills the text 'https://keeggo.com' in the given field.</msg>
<arg>${CAMPO_SITE}</arg>
<arg>${site}</arg>
<tag>PageContent</tag>
<tag>Setter</tag>
<doc>Clears and fills the given ``txt`` into the text field found by ``selector``.</doc>
<status status="PASS" start="2024-10-21T12:59:26.039184" elapsed="0.003891"/>
</kw>
<kw name="Fill Text" owner="Browser">
<msg time="2024-10-21T12:59:26.043597" level="INFO">Fills the text 'Avenida Paulista 1001' in the given field.</msg>
<arg>${CAMPO_ENDERECO1}</arg>
<arg>${endereco1}</arg>
<tag>PageContent</tag>
<tag>Setter</tag>
<doc>Clears and fills the given ``txt`` into the text field found by ``selector``.</doc>
<status status="PASS" start="2024-10-21T12:59:26.043262" elapsed="0.003561"/>
</kw>
<kw name="Fill Text" owner="Browser">
<msg time="2024-10-21T12:59:26.047211" level="INFO">Fills the text 'Jardins' in the given field.</msg>
<arg>${CAMPO_ENDERECO2}</arg>
<arg>${endereco2}</arg>
<tag>PageContent</tag>
<tag>Setter</tag>
<doc>Clears and fills the given ``txt`` into the text field found by ``selector``.</doc>
<status status="PASS" start="2024-10-21T12:59:26.046961" elapsed="0.004115"/>
</kw>
<kw name="Fill Text" owner="Browser">
<msg time="2024-10-21T12:59:26.051708" level="INFO">Fills the text 'São Paulo' in the given field.</msg>
<arg>${CAMPO_CIDADE}</arg>
<arg>${cidade}</arg>
<tag>PageContent</tag>
<tag>Setter</tag>
<doc>Clears and fills the given ``txt`` into the text field found by ``selector``.</doc>
<status status="PASS" start="2024-10-21T12:59:26.051269" elapsed="0.007917"/>
</kw>
<kw name="Fill Text" owner="Browser">
<msg time="2024-10-21T12:59:26.059652" level="INFO">Fills the text 'SP' in the given field.</msg>
<arg>${CAMPO_ESTADO}</arg>
<arg>${estado}</arg>
<tag>PageContent</tag>
<tag>Setter</tag>
<doc>Clears and fills the given ``txt`` into the text field found by ``selector``.</doc>
<status status="PASS" start="2024-10-21T12:59:26.059337" elapsed="0.004704"/>
</kw>
<kw name="Fill Text" owner="Browser">
<msg time="2024-10-21T12:59:26.064568" level="INFO">Fills the text '01310-100' in the given field.</msg>
<arg>${CAMPO_CEP}</arg>
<arg>${cep}</arg>
<tag>PageContent</tag>
<tag>Setter</tag>
<doc>Clears and fills the given ``txt`` into the text field found by ``selector``.</doc>
<status status="PASS" start="2024-10-21T12:59:26.064245" elapsed="0.004129"/>
</kw>
<kw name="Fill Text" owner="Browser">
<msg time="2024-10-21T12:59:26.068715" level="INFO">Fills the text 'Brasil' in the given field.</msg>
<arg>${CAMPO_PAIS}</arg>
<arg>${pais}</arg>
<tag>PageContent</tag>
<tag>Setter</tag>
<doc>Clears and fills the given ``txt`` into the text field found by ``selector``.</doc>
<status status="PASS" start="2024-10-21T12:59:26.068492" elapsed="0.003460"/>
</kw>
<kw name="Fill Text" owner="Browser">
<msg time="2024-10-21T12:59:26.072333" level="INFO">Fills the text '1133333333' in the given field.</msg>
<arg>${CAMPO_TEL_TRABALHO}</arg>
<arg>${tel_trabalho}</arg>
<tag>PageContent</tag>
<tag>Setter</tag>
<doc>Clears and fills the given ``txt`` into the text field found by ``selector``.</doc>
<status status="PASS" start="2024-10-21T12:59:26.072083" elapsed="0.003878"/>
</kw>
<kw name="Fill Text" owner="Browser">
<msg time="2024-10-21T12:59:26.076284" level="INFO">Fills the text '11999999999' in the given field.</msg>
<arg>${CAMPO_CELULAR}</arg>
<arg>${tel_celular}</arg>
<tag>PageContent</tag>
<tag>Setter</tag>
<doc>Clears and fills the given ``txt`` into the text field found by ``selector``.</doc>
<status status="PASS" start="2024-10-21T12:59:26.076069" elapsed="0.003559"/>
</kw>
<kw name="Fill Text" owner="Browser">
<msg time="2024-10-21T12:59:26.080123" level="INFO">Fills the text 'fabio.skype' in the given field.</msg>
<arg>${CAMPO_SKYPE}</arg>
<arg>${skype}</arg>
<tag>PageContent</tag>
<tag>Setter</tag>
<doc>Clears and fills the given ``txt`` into the text field found by ``selector``.</doc>
<status status="PASS" start="2024-10-21T12:59:26.079792" elapsed="0.004325"/>
</kw>
<kw name="Fill Text" owner="Browser">
<msg time="2024-10-21T12:59:26.084644" level="INFO">Fills the text 'fabio.twitter' in the given field.</msg>
<arg>${CAMPO_TWITTER}</arg>
<arg>${twitter}</arg>
<tag>PageContent</tag>
<tag>Setter</tag>
<doc>Clears and fills the given ``txt`` into the text field found by ``selector``.</doc>
<status status="PASS" start="2024-10-21T12:59:26.084307" elapsed="0.004347"/>
</kw>
<kw name="Click" owner="Browser">
<msg time="2024-10-21T12:59:26.089016" level="INFO">Clicks the element '[value="Continuar"]'.</msg>
<arg>${BOTAO_CONTINUAR}</arg>
<tag>PageContent</tag>
<tag>Setter</tag>
<doc>Simulates mouse click on the element found by ``selector``.</doc>
<status status="PASS" start="2024-10-21T12:59:26.088791" elapsed="4.010096"/>
</kw>
<arg>${data}[nome]</arg>
<arg>${data}[sobrenome]</arg>
<arg>${data}[senha]</arg>
<arg>${data}[confirma_senha]</arg>
<arg>${data}[time_zone]</arg>
<arg>${data}[idioma]</arg>
<arg>${data}[formato_data]</arg>
<arg>${data}[empresa]</arg>
<arg>${data}[cargo]</arg>
<arg>${data}[email]</arg>
<arg>${data}[site]</arg>
<arg>${data}[endereco1]</arg>
<arg>${data}[endereco2]</arg>
<arg>${data}[cidade]</arg>
<arg>${data}[estado]</arg>
<arg>${data}[cep]</arg>
<arg>${data}[pais]</arg>
<arg>${data}[tel_trabalho]</arg>
<arg>${data}[tel_celular]</arg>
<arg>${data}[skype]</arg>
<arg>${data}[twitter]</arg>
<doc>Realiza o pré-cadastro com sucesso utilizando os dados fornecidos.</doc>
<status status="PASS" start="2024-10-21T12:59:25.982325" elapsed="4.116692"/>
</kw>
<kw name="Finalizar sessão" owner="Hooks" type="TEARDOWN">
<kw name="Take Screenshot" owner="Browser">
<msg time="2024-10-21T12:59:30.313152" level="INFO" html="true">&lt;/td&gt;&lt;/tr&gt;&lt;tr&gt;&lt;td colspan="3"&gt;&lt;a href="browser/screenshot/robotframework-browser-screenshot-16.png" target="_blank"&gt;&lt;img src="browser/screenshot/robotframework-browser-screenshot-16.png" width="800px"/&gt;&lt;/a&gt;</msg>
<tag>PageContent</tag>
<doc>Takes a screenshot of the current window or element and saves it to disk.</doc>
<status status="PASS" start="2024-10-21T12:59:30.099645" elapsed="0.213599"/>
</kw>
<kw name="Close Browser" owner="Browser">
<msg time="2024-10-21T12:59:30.338276" level="INFO">Closed browser</msg>
<tag>BrowserControl</tag>
<tag>Setter</tag>
<doc>Closes the current browser.</doc>
<status status="PASS" start="2024-10-21T12:59:30.313384" elapsed="0.025006"/>
</kw>
<status status="PASS" start="2024-10-21T12:59:30.099369" elapsed="0.239104"/>
</kw>
<doc>Realiza o pré-cadastro com sucesso utilizando a keyword do Page Objects e puxando dados de um json</doc>
<tag>json</tag>
<status status="PASS" start="2024-10-21T12:59:18.891953" elapsed="11.446591"/>
</test>
<doc>Testes do pré cadastro no site edukee</doc>
<status status="PASS" start="2024-10-21T12:58:52.783697" elapsed="37.556561"/>
</suite>
<status status="PASS" start="2024-10-21T12:58:09.190370" elapsed="81.151426"/>
</suite>
<statistics>
<total>
<stat pass="10" fail="0" skip="0">All Tests</stat>
</total>
<tag>
<stat pass="1" fail="0" skip="0">cadastro</stat>
<stat pass="1" fail="0" skip="0">cadastro-page</stat>
<stat pass="1" fail="0" skip="0">dados</stat>
<stat pass="1" fail="0" skip="0">json</stat>
<stat pass="1" fail="0" skip="0">key</stat>
<stat pass="1" fail="0" skip="0">massivo</stat>
<stat pass="1" fail="0" skip="0">negativo</stat>
<stat pass="2" fail="0" skip="0">positivo</stat>
<stat pass="1" fail="0" skip="0">vazio</stat>
</tag>
<suite>
<stat pass="10" fail="0" skip="0" id="s1" name="Tests">Tests</stat>
<stat pass="6" fail="0" skip="0" id="s1-s1" name="Login Test">Tests.Login Test</stat>
<stat pass="4" fail="0" skip="0" id="s1-s2" name="Pre Cadastro Test">Tests.Pre Cadastro Test</stat>
</suite>
</statistics>
<errors>
<msg time="2024-10-21T12:58:09.186235" level="ERROR">Error in file '/Users/fabioaraujo/repositorio/template-robot/tests/login_test.robot' on line 2: Non-existing setting '[Documentation]'. Did you mean:
    Documentation</msg>
<msg time="2024-10-21T12:58:09.265857" level="WARN">Error in file '/Users/fabioaraujo/repositorio/template-robot/resources/Base.resource' on line 20: The '[Return]' setting is deprecated. Use the 'RETURN' statement instead.</msg>
</errors>
</robot>
